<?xml version="1.0" encoding="UTF-8"?>
<coverage generated="1567029507347" clover="3.2.0">
  <project timestamp="1567029507348" name="All files">
    <metrics statements="247" coveredstatements="188" conditionals="189" coveredconditionals="107" methods="38" coveredmethods="29" elements="474" coveredelements="324" complexity="0" loc="247" ncloc="247" packages="1" files="6" classes="6"/>
    <file name="BasicCalendar.jsx" path="/Users/jianyeung/HackReactor/reservations/client/Components/BasicCalendar.jsx">
      <metrics statements="151" coveredstatements="102" conditionals="114" coveredconditionals="48" methods="18" coveredmethods="11"/>
      <line num="12" count="7" type="stmt"/>
      <line num="14" count="7" type="stmt"/>
      <line num="15" count="7" type="stmt"/>
      <line num="16" count="217" type="stmt"/>
      <line num="19" count="7" type="stmt"/>
      <line num="25" count="7" type="stmt"/>
      <line num="26" count="7" type="stmt"/>
      <line num="27" count="7" type="stmt"/>
      <line num="28" count="7" type="stmt"/>
      <line num="29" count="7" type="stmt"/>
      <line num="30" count="7" type="stmt"/>
      <line num="36" count="10" type="stmt"/>
      <line num="39" count="10" type="stmt"/>
      <line num="41" count="10" type="cond" truecount="5" falsecount="1"/>
      <line num="44" count="0" type="stmt"/>
      <line num="48" count="0" type="stmt"/>
      <line num="54" count="10" type="stmt"/>
      <line num="66" count="10" type="stmt"/>
      <line num="67" count="10" type="stmt"/>
      <line num="68" count="10" type="stmt"/>
      <line num="69" count="0" type="stmt"/>
      <line num="71" count="10" type="stmt"/>
      <line num="72" count="10" type="stmt"/>
      <line num="73" count="10" type="stmt"/>
      <line num="74" count="10" type="cond" truecount="2" falsecount="0"/>
      <line num="75" count="1" type="stmt"/>
      <line num="76" count="1" type="stmt"/>
      <line num="77" count="7" type="cond" truecount="4" falsecount="0"/>
      <line num="78" count="4" type="stmt"/>
      <line num="83" count="1" type="stmt"/>
      <line num="84" count="5" type="stmt"/>
      <line num="85" count="35" type="cond" truecount="2" falsecount="0"/>
      <line num="86" count="31" type="stmt"/>
      <line num="87" count="31" type="stmt"/>
      <line num="88" count="31" type="stmt"/>
      <line num="94" count="1" type="cond" truecount="1" falsecount="1"/>
      <line num="95" count="1" type="cond" truecount="1" falsecount="1"/>
      <line num="97" count="1" type="stmt"/>
      <line num="109" count="1" type="stmt"/>
      <line num="110" count="1" type="cond" truecount="2" falsecount="2"/>
      <line num="111" count="0" type="stmt"/>
      <line num="112" count="0" type="cond" truecount="0" falsecount="2"/>
      <line num="113" count="0" type="stmt"/>
      <line num="119" count="1" type="stmt"/>
      <line num="120" count="1" type="cond" truecount="1" falsecount="1"/>
      <line num="121" count="0" type="stmt"/>
      <line num="122" count="0" type="stmt"/>
      <line num="123" count="0" type="cond" truecount="0" falsecount="8"/>
      <line num="126" count="0" type="stmt"/>
      <line num="132" count="0" type="stmt"/>
      <line num="134" count="0" type="cond" truecount="0" falsecount="2"/>
      <line num="135" count="0" type="stmt"/>
      <line num="136" count="0" type="stmt"/>
      <line num="137" count="0" type="stmt"/>
      <line num="138" count="0" type="cond" truecount="0" falsecount="8"/>
      <line num="141" count="0" type="stmt"/>
      <line num="148" count="0" type="cond" truecount="0" falsecount="2"/>
      <line num="149" count="0" type="stmt"/>
      <line num="150" count="0" type="stmt"/>
      <line num="151" count="0" type="cond" truecount="0" falsecount="9"/>
      <line num="154" count="0" type="stmt"/>
      <line num="156" count="0" type="stmt"/>
      <line num="157" count="0" type="stmt"/>
      <line num="163" count="0" type="stmt"/>
      <line num="170" count="1" type="stmt"/>
      <line num="178" count="0" type="stmt"/>
      <line num="181" count="9" type="stmt"/>
      <line num="183" count="9" type="cond" truecount="4" falsecount="0"/>
      <line num="184" count="1" type="stmt"/>
      <line num="185" count="5" type="stmt"/>
      <line num="186" count="35" type="cond" truecount="2" falsecount="13"/>
      <line num="192" count="0" type="stmt"/>
      <line num="194" count="35" type="stmt"/>
      <line num="199" count="9" type="stmt"/>
      <line num="207" count="10" type="stmt"/>
      <line num="208" count="52" type="stmt"/>
      <line num="209" count="364" type="cond" truecount="2" falsecount="0"/>
      <line num="210" count="97" type="stmt"/>
      <line num="216" count="0" type="stmt"/>
      <line num="224" count="17" type="cond" truecount="2" falsecount="2"/>
      <line num="225" count="17" type="stmt"/>
      <line num="226" count="17" type="stmt"/>
      <line num="228" count="17" type="stmt"/>
      <line num="229" count="17" type="stmt"/>
      <line num="230" count="48" type="stmt"/>
      <line num="234" count="17" type="stmt"/>
      <line num="235" count="527" type="cond" truecount="2" falsecount="0"/>
      <line num="236" count="71" type="stmt"/>
      <line num="237" count="71" type="stmt"/>
      <line num="240" count="527" type="stmt"/>
      <line num="241" count="527" type="cond" truecount="2" falsecount="0"/>
      <line num="242" count="217" type="stmt"/>
      <line num="244" count="527" type="stmt"/>
      <line num="247" count="17" type="stmt"/>
      <line num="248" count="41" type="stmt"/>
      <line num="251" count="17" type="stmt"/>
      <line num="252" count="17" type="stmt"/>
      <line num="257" count="0" type="stmt"/>
      <line num="258" count="0" type="stmt"/>
      <line num="259" count="0" type="stmt"/>
      <line num="260" count="0" type="stmt"/>
      <line num="262" count="0" type="cond" truecount="0" falsecount="5"/>
      <line num="263" count="0" type="stmt"/>
      <line num="264" count="0" type="stmt"/>
      <line num="265" count="0" type="cond" truecount="0" falsecount="4"/>
      <line num="266" count="0" type="stmt"/>
      <line num="268" count="0" type="stmt"/>
      <line num="274" count="0" type="stmt"/>
      <line num="281" count="0" type="stmt"/>
      <line num="282" count="0" type="stmt"/>
      <line num="284" count="0" type="stmt"/>
      <line num="296" count="0" type="stmt"/>
      <line num="301" count="0" type="stmt"/>
      <line num="302" count="0" type="stmt"/>
      <line num="303" count="0" type="stmt"/>
      <line num="304" count="0" type="cond" truecount="0" falsecount="2"/>
      <line num="305" count="0" type="stmt"/>
      <line num="310" count="3" type="stmt"/>
      <line num="311" count="3" type="stmt"/>
      <line num="316" count="1" type="stmt"/>
      <line num="317" count="1" type="stmt"/>
      <line num="318" count="1" type="stmt"/>
      <line num="320" count="1" type="cond" truecount="1" falsecount="1"/>
      <line num="321" count="1" type="stmt"/>
      <line num="322" count="1" type="stmt"/>
      <line num="324" count="1" type="stmt"/>
      <line num="329" count="2" type="stmt"/>
      <line num="330" count="2" type="stmt"/>
      <line num="331" count="2" type="stmt"/>
      <line num="333" count="2" type="cond" truecount="2" falsecount="0"/>
      <line num="334" count="1" type="stmt"/>
      <line num="335" count="1" type="stmt"/>
      <line num="338" count="2" type="stmt"/>
      <line num="343" count="527" type="stmt"/>
      <line num="344" count="527" type="stmt"/>
      <line num="345" count="527" type="stmt"/>
      <line num="346" count="527" type="stmt"/>
      <line num="348" count="527" type="cond" truecount="2" falsecount="0"/>
      <line num="349" count="310" type="stmt"/>
      <line num="352" count="217" type="cond" truecount="3" falsecount="1"/>
      <line num="353" count="0" type="stmt"/>
      <line num="356" count="217" type="cond" truecount="5" falsecount="0"/>
      <line num="357" count="54" type="stmt"/>
      <line num="360" count="163" type="stmt"/>
      <line num="364" count="17" type="stmt"/>
      <line num="367" count="17" type="stmt"/>
      <line num="369" count="17" type="stmt"/>
      <line num="370" count="17" type="stmt"/>
      <line num="371" count="17" type="stmt"/>
      <line num="372" count="17" type="stmt"/>
      <line num="392" count="1" type="stmt"/>
    </file>
    <file name="Day.jsx" path="/Users/jianyeung/HackReactor/reservations/client/Components/Day.jsx">
      <metrics statements="42" coveredstatements="37" conditionals="31" coveredconditionals="26" methods="8" coveredmethods="6"/>
      <line num="8" count="4" type="stmt"/>
      <line num="9" count="4" type="stmt"/>
      <line num="17" count="4" type="stmt"/>
      <line num="20" count="4" type="stmt"/>
      <line num="22" count="4" type="stmt"/>
      <line num="31" count="8" type="stmt"/>
      <line num="34" count="8" type="stmt"/>
      <line num="37" count="8" type="cond" truecount="2" falsecount="0"/>
      <line num="38" count="2" type="stmt"/>
      <line num="40" count="6" type="stmt"/>
      <line num="43" count="8" type="cond" truecount="1" falsecount="1"/>
      <line num="44" count="0" type="stmt"/>
      <line num="45" count="8" type="cond" truecount="1" falsecount="1"/>
      <line num="46" count="0" type="stmt"/>
      <line num="47" count="0" type="stmt"/>
      <line num="49" count="0" type="cond" truecount="0" falsecount="2"/>
      <line num="50" count="0" type="stmt"/>
      <line num="54" count="8" type="cond" truecount="7" falsecount="0"/>
      <line num="55" count="4" type="stmt"/>
      <line num="60" count="12" type="stmt"/>
      <line num="64" count="12" type="stmt"/>
      <line num="66" count="12" type="cond" truecount="2" falsecount="0"/>
      <line num="67" count="3" type="stmt"/>
      <line num="68" count="3" type="stmt"/>
      <line num="70" count="9" type="stmt"/>
      <line num="71" count="9" type="stmt"/>
      <line num="74" count="12" type="cond" truecount="3" falsecount="1"/>
      <line num="75" count="12" type="stmt"/>
      <line num="76" count="12" type="stmt"/>
      <line num="77" count="12" type="stmt"/>
      <line num="80" count="12" type="cond" truecount="2" falsecount="0"/>
      <line num="81" count="6" type="stmt"/>
      <line num="82" count="6" type="stmt"/>
      <line num="84" count="6" type="stmt"/>
      <line num="85" count="6" type="stmt"/>
      <line num="88" count="12" type="stmt"/>
      <line num="92" count="4" type="stmt"/>
      <line num="100" count="12" type="stmt"/>
      <line num="101" count="12" type="stmt"/>
      <line num="103" count="12" type="stmt"/>
      <line num="123" count="1" type="stmt"/>
      <line num="142" count="1" type="stmt"/>
    </file>
    <file name="GuestButton.jsx" path="/Users/jianyeung/HackReactor/reservations/client/Components/GuestButton.jsx">
      <metrics statements="6" coveredstatements="6" conditionals="8" coveredconditionals="7" methods="3" coveredmethods="3"/>
      <line num="7" count="3" type="stmt"/>
      <line num="8" count="3" type="stmt"/>
      <line num="14" count="3" type="stmt"/>
      <line num="15" count="3" type="stmt"/>
      <line num="24" count="1" type="cond" truecount="1" falsecount="1"/>
      <line num="45" count="1" type="stmt"/>
    </file>
    <file name="GuestDropdown.jsx" path="/Users/jianyeung/HackReactor/reservations/client/Components/GuestDropdown.jsx">
      <metrics statements="27" coveredstatements="23" conditionals="22" coveredconditionals="16" methods="5" coveredmethods="5"/>
      <line num="9" count="4" type="stmt"/>
      <line num="11" count="4" type="stmt"/>
      <line num="18" count="4" type="stmt"/>
      <line num="22" count="4" type="stmt"/>
      <line num="23" count="4" type="stmt"/>
      <line num="29" count="6" type="stmt"/>
      <line num="30" count="6" type="stmt"/>
      <line num="32" count="6" type="cond" truecount="1" falsecount="1"/>
      <line num="34" count="0" type="stmt"/>
      <line num="41" count="2" type="stmt"/>
      <line num="44" count="2" type="stmt"/>
      <line num="46" count="2" type="cond" truecount="2" falsecount="2"/>
      <line num="48" count="1" type="stmt"/>
      <line num="49" count="1" type="stmt"/>
      <line num="50" count="1" type="stmt"/>
      <line num="52" count="1" type="stmt"/>
      <line num="53" count="1" type="stmt"/>
      <line num="54" count="1" type="stmt"/>
      <line num="56" count="0" type="stmt"/>
      <line num="57" count="0" type="stmt"/>
      <line num="59" count="0" type="stmt"/>
      <line num="61" count="2" type="stmt"/>
      <line num="63" count="2" type="stmt"/>
      <line num="74" count="10" type="stmt"/>
      <line num="76" count="10" type="stmt"/>
      <line num="78" count="10" type="stmt"/>
      <line num="148" count="1" type="stmt"/>
    </file>
    <file name="Month.jsx" path="/Users/jianyeung/HackReactor/reservations/client/Components/Month.jsx">
      <metrics statements="11" coveredstatements="10" conditionals="10" coveredconditionals="7" methods="3" coveredmethods="3"/>
      <line num="10" count="2" type="stmt"/>
      <line num="11" count="2" type="stmt"/>
      <line num="33" count="2" type="stmt"/>
      <line num="36" count="6" type="stmt"/>
      <line num="37" count="6" type="cond" truecount="5" falsecount="0"/>
      <line num="38" count="2" type="stmt"/>
      <line num="41" count="6" type="stmt"/>
      <line num="42" count="6" type="cond" truecount="2" falsecount="3"/>
      <line num="43" count="0" type="stmt"/>
      <line num="45" count="6" type="stmt"/>
      <line num="69" count="1" type="stmt"/>
    </file>
    <file name="ReservationCosts.jsx" path="/Users/jianyeung/HackReactor/reservations/client/Components/ReservationCosts.jsx">
      <metrics statements="10" coveredstatements="10" conditionals="4" coveredconditionals="3" methods="1" coveredmethods="1"/>
      <line num="10" count="1" type="stmt"/>
      <line num="12" count="1" type="stmt"/>
      <line num="14" count="1" type="cond" truecount="3" falsecount="1"/>
      <line num="15" count="1" type="stmt"/>
      <line num="16" count="1" type="stmt"/>
      <line num="17" count="1" type="stmt"/>
      <line num="18" count="1" type="stmt"/>
      <line num="19" count="1" type="stmt"/>
      <line num="22" count="1" type="stmt"/>
      <line num="52" count="1" type="stmt"/>
    </file>
  </project>
</coverage>
