{"/Users/jianyeung/HackReactor/reservations/client/Components/BasicCalendar.jsx": {"path":"/Users/jianyeung/HackReactor/reservations/client/Components/BasicCalendar.jsx","statementMap":{"0":{"start":{"line":12,"column":4},"end":{"line":12,"column":17}},"1":{"start":{"line":14,"column":20},"end":{"line":14,"column":22}},"2":{"start":{"line":15,"column":4},"end":{"line":17,"column":5}},"3":{"start":{"line":15,"column":17},"end":{"line":15,"column":18}},"4":{"start":{"line":16,"column":6},"end":{"line":16,"column":26}},"5":{"start":{"line":19,"column":4},"end":{"line":23,"column":6}},"6":{"start":{"line":25,"column":4},"end":{"line":25,"column":68}},"7":{"start":{"line":26,"column":4},"end":{"line":26,"column":47}},"8":{"start":{"line":27,"column":4},"end":{"line":27,"column":47}},"9":{"start":{"line":28,"column":4},"end":{"line":28,"column":61}},"10":{"start":{"line":29,"column":4},"end":{"line":29,"column":67}},"11":{"start":{"line":30,"column":4},"end":{"line":30,"column":65}},"12":{"start":{"line":31,"column":4},"end":{"line":31,"column":24}},"13":{"start":{"line":37,"column":8},"end":{"line":37,"column":18}},"14":{"start":{"line":40,"column":8},"end":{"line":40,"column":17}},"15":{"start":{"line":42,"column":4},"end":{"line":52,"column":5}},"16":{"start":{"line":47,"column":6},"end":{"line":50,"column":9}},"17":{"start":{"line":51,"column":6},"end":{"line":51,"column":52}},"18":{"start":{"line":57,"column":4},"end":{"line":254,"column":9}},"19":{"start":{"line":69,"column":33},"end":{"line":69,"column":45}},"20":{"start":{"line":70,"column":29},"end":{"line":70,"column":31}},"21":{"start":{"line":71,"column":8},"end":{"line":73,"column":9}},"22":{"start":{"line":71,"column":21},"end":{"line":71,"column":22}},"23":{"start":{"line":72,"column":10},"end":{"line":72,"column":45}},"24":{"start":{"line":74,"column":8},"end":{"line":74,"column":41}},"25":{"start":{"line":75,"column":25},"end":{"line":75,"column":68}},"26":{"start":{"line":76,"column":25},"end":{"line":76,"column":35}},"27":{"start":{"line":77,"column":8},"end":{"line":241,"column":9}},"28":{"start":{"line":78,"column":21},"end":{"line":78,"column":25}},"29":{"start":{"line":79,"column":10},"end":{"line":83,"column":11}},"30":{"start":{"line":79,"column":23},"end":{"line":79,"column":24}},"31":{"start":{"line":80,"column":12},"end":{"line":82,"column":13}},"32":{"start":{"line":81,"column":14},"end":{"line":81,"column":42}},"33":{"start":{"line":86,"column":10},"end":{"line":94,"column":11}},"34":{"start":{"line":86,"column":23},"end":{"line":86,"column":24}},"35":{"start":{"line":87,"column":12},"end":{"line":93,"column":13}},"36":{"start":{"line":87,"column":25},"end":{"line":87,"column":26}},"37":{"start":{"line":88,"column":14},"end":{"line":92,"column":15}},"38":{"start":{"line":89,"column":29},"end":{"line":89,"column":49}},"39":{"start":{"line":90,"column":16},"end":{"line":90,"column":44}},"40":{"start":{"line":91,"column":16},"end":{"line":91,"column":28}},"41":{"start":{"line":97,"column":28},"end":{"line":97,"column":54}},"42":{"start":{"line":98,"column":27},"end":{"line":98,"column":60}},"43":{"start":{"line":100,"column":10},"end":{"line":182,"column":15}},"44":{"start":{"line":112,"column":41},"end":{"line":112,"column":75}},"45":{"start":{"line":113,"column":14},"end":{"line":119,"column":15}},"46":{"start":{"line":114,"column":16},"end":{"line":118,"column":17}},"47":{"start":{"line":114,"column":29},"end":{"line":114,"column":30}},"48":{"start":{"line":115,"column":18},"end":{"line":117,"column":19}},"49":{"start":{"line":116,"column":20},"end":{"line":116,"column":49}},"50":{"start":{"line":122,"column":52},"end":{"line":122,"column":62}},"51":{"start":{"line":123,"column":14},"end":{"line":178,"column":15}},"52":{"start":{"line":124,"column":16},"end":{"line":132,"column":17}},"53":{"start":{"line":124,"column":29},"end":{"line":124,"column":30}},"54":{"start":{"line":125,"column":18},"end":{"line":131,"column":19}},"55":{"start":{"line":125,"column":31},"end":{"line":125,"column":32}},"56":{"start":{"line":126,"column":20},"end":{"line":130,"column":21}},"57":{"start":{"line":129,"column":22},"end":{"line":129,"column":51}},"58":{"start":{"line":135,"column":16},"end":{"line":171,"column":21}},"59":{"start":{"line":137,"column":20},"end":{"line":148,"column":21}},"60":{"start":{"line":138,"column":42},"end":{"line":138,"column":78}},"61":{"start":{"line":139,"column":22},"end":{"line":147,"column":23}},"62":{"start":{"line":139,"column":35},"end":{"line":139,"column":36}},"63":{"start":{"line":140,"column":24},"end":{"line":146,"column":25}},"64":{"start":{"line":140,"column":37},"end":{"line":140,"column":38}},"65":{"start":{"line":141,"column":26},"end":{"line":145,"column":27}},"66":{"start":{"line":144,"column":28},"end":{"line":144,"column":57}},"67":{"start":{"line":151,"column":20},"end":{"line":164,"column":21}},"68":{"start":{"line":152,"column":22},"end":{"line":163,"column":23}},"69":{"start":{"line":152,"column":35},"end":{"line":152,"column":36}},"70":{"start":{"line":153,"column":24},"end":{"line":162,"column":25}},"71":{"start":{"line":153,"column":37},"end":{"line":153,"column":38}},"72":{"start":{"line":154,"column":26},"end":{"line":161,"column":27}},"73":{"start":{"line":157,"column":28},"end":{"line":157,"column":64}},"74":{"start":{"line":159,"column":28},"end":{"line":159,"column":65}},"75":{"start":{"line":166,"column":20},"end":{"line":170,"column":23}},"76":{"start":{"line":173,"column":16},"end":{"line":177,"column":19}},"77":{"start":{"line":181,"column":14},"end":{"line":181,"column":39}},"78":{"start":{"line":184,"column":48},"end":{"line":184,"column":58}},"79":{"start":{"line":186,"column":10},"end":{"line":240,"column":11}},"80":{"start":{"line":187,"column":12},"end":{"line":200,"column":13}},"81":{"start":{"line":187,"column":25},"end":{"line":187,"column":26}},"82":{"start":{"line":188,"column":14},"end":{"line":199,"column":15}},"83":{"start":{"line":188,"column":27},"end":{"line":188,"column":28}},"84":{"start":{"line":189,"column":16},"end":{"line":198,"column":17}},"85":{"start":{"line":195,"column":18},"end":{"line":195,"column":54}},"86":{"start":{"line":197,"column":18},"end":{"line":197,"column":55}},"87":{"start":{"line":201,"column":12},"end":{"line":205,"column":15}},"88":{"start":{"line":206,"column":17},"end":{"line":240,"column":11}},"89":{"start":{"line":207,"column":12},"end":{"line":233,"column":17}},"90":{"start":{"line":209,"column":16},"end":{"line":232,"column":17}},"91":{"start":{"line":210,"column":98},"end":{"line":210,"column":110}},"92":{"start":{"line":211,"column":18},"end":{"line":211,"column":44}},"93":{"start":{"line":212,"column":18},"end":{"line":220,"column":19}},"94":{"start":{"line":212,"column":31},"end":{"line":212,"column":32}},"95":{"start":{"line":213,"column":20},"end":{"line":219,"column":21}},"96":{"start":{"line":213,"column":33},"end":{"line":213,"column":34}},"97":{"start":{"line":214,"column":22},"end":{"line":218,"column":23}},"98":{"start":{"line":217,"column":24},"end":{"line":217,"column":53}},"99":{"start":{"line":221,"column":18},"end":{"line":225,"column":21}},"100":{"start":{"line":227,"column":18},"end":{"line":231,"column":21}},"101":{"start":{"line":235,"column":12},"end":{"line":239,"column":15}},"102":{"start":{"line":244,"column":8},"end":{"line":250,"column":9}},"103":{"start":{"line":244,"column":21},"end":{"line":244,"column":22}},"104":{"start":{"line":245,"column":10},"end":{"line":249,"column":11}},"105":{"start":{"line":245,"column":23},"end":{"line":245,"column":24}},"106":{"start":{"line":246,"column":12},"end":{"line":248,"column":13}},"107":{"start":{"line":247,"column":14},"end":{"line":247,"column":57}},"108":{"start":{"line":253,"column":8},"end":{"line":253,"column":33}},"109":{"start":{"line":261,"column":24},"end":{"line":261,"column":109}},"110":{"start":{"line":262,"column":23},"end":{"line":262,"column":56}},"111":{"start":{"line":263,"column":21},"end":{"line":263,"column":23}},"112":{"start":{"line":265,"column":15},"end":{"line":265,"column":17}},"113":{"start":{"line":266,"column":4},"end":{"line":268,"column":5}},"114":{"start":{"line":266,"column":17},"end":{"line":266,"column":18}},"115":{"start":{"line":267,"column":6},"end":{"line":267,"column":46}},"116":{"start":{"line":271,"column":4},"end":{"line":282,"column":5}},"117":{"start":{"line":271,"column":17},"end":{"line":271,"column":18}},"118":{"start":{"line":272,"column":6},"end":{"line":275,"column":7}},"119":{"start":{"line":273,"column":8},"end":{"line":273,"column":28}},"120":{"start":{"line":274,"column":8},"end":{"line":274,"column":18}},"121":{"start":{"line":277,"column":20},"end":{"line":277,"column":51}},"122":{"start":{"line":278,"column":6},"end":{"line":280,"column":7}},"123":{"start":{"line":279,"column":8},"end":{"line":279,"column":24}},"124":{"start":{"line":281,"column":6},"end":{"line":281,"column":52}},"125":{"start":{"line":284,"column":4},"end":{"line":286,"column":5}},"126":{"start":{"line":285,"column":6},"end":{"line":285,"column":46}},"127":{"start":{"line":288,"column":4},"end":{"line":288,"column":24}},"128":{"start":{"line":289,"column":4},"end":{"line":289,"column":20}},"129":{"start":{"line":294,"column":14},"end":{"line":294,"column":46}},"130":{"start":{"line":296,"column":4},"end":{"line":298,"column":5}},"131":{"start":{"line":297,"column":6},"end":{"line":297,"column":57}},"132":{"start":{"line":300,"column":48},"end":{"line":300,"column":58}},"133":{"start":{"line":301,"column":38},"end":{"line":301,"column":48}},"134":{"start":{"line":302,"column":25},"end":{"line":302,"column":41}},"135":{"start":{"line":304,"column":4},"end":{"line":314,"column":5}},"136":{"start":{"line":305,"column":6},"end":{"line":313,"column":7}},"137":{"start":{"line":305,"column":19},"end":{"line":305,"column":20}},"138":{"start":{"line":306,"column":8},"end":{"line":312,"column":9}},"139":{"start":{"line":306,"column":21},"end":{"line":306,"column":22}},"140":{"start":{"line":307,"column":10},"end":{"line":311,"column":11}},"141":{"start":{"line":308,"column":12},"end":{"line":308,"column":48}},"142":{"start":{"line":310,"column":12},"end":{"line":310,"column":49}},"143":{"start":{"line":316,"column":4},"end":{"line":329,"column":5}},"144":{"start":{"line":317,"column":6},"end":{"line":328,"column":7}},"145":{"start":{"line":317,"column":19},"end":{"line":317,"column":20}},"146":{"start":{"line":318,"column":8},"end":{"line":327,"column":9}},"147":{"start":{"line":318,"column":21},"end":{"line":318,"column":22}},"148":{"start":{"line":319,"column":10},"end":{"line":326,"column":11}},"149":{"start":{"line":323,"column":12},"end":{"line":323,"column":48}},"150":{"start":{"line":325,"column":12},"end":{"line":325,"column":49}},"151":{"start":{"line":331,"column":4},"end":{"line":333,"column":7}},"152":{"start":{"line":337,"column":48},"end":{"line":337,"column":58}},"153":{"start":{"line":338,"column":25},"end":{"line":338,"column":35}},"154":{"start":{"line":339,"column":25},"end":{"line":339,"column":41}},"155":{"start":{"line":341,"column":4},"end":{"line":347,"column":5}},"156":{"start":{"line":342,"column":6},"end":{"line":346,"column":7}},"157":{"start":{"line":342,"column":19},"end":{"line":342,"column":20}},"158":{"start":{"line":343,"column":8},"end":{"line":345,"column":9}},"159":{"start":{"line":343,"column":21},"end":{"line":343,"column":22}},"160":{"start":{"line":344,"column":10},"end":{"line":344,"column":47}},"161":{"start":{"line":349,"column":4},"end":{"line":355,"column":5}},"162":{"start":{"line":350,"column":6},"end":{"line":354,"column":7}},"163":{"start":{"line":350,"column":19},"end":{"line":350,"column":20}},"164":{"start":{"line":351,"column":8},"end":{"line":353,"column":9}},"165":{"start":{"line":351,"column":21},"end":{"line":351,"column":22}},"166":{"start":{"line":352,"column":10},"end":{"line":352,"column":47}},"167":{"start":{"line":357,"column":4},"end":{"line":359,"column":7}},"168":{"start":{"line":364,"column":33},"end":{"line":364,"column":44}},"169":{"start":{"line":365,"column":27},"end":{"line":365,"column":37}},"170":{"start":{"line":367,"column":4},"end":{"line":380,"column":7}},"171":{"start":{"line":379,"column":6},"end":{"line":379,"column":51}},"172":{"start":{"line":385,"column":33},"end":{"line":385,"column":44}},"173":{"start":{"line":386,"column":27},"end":{"line":386,"column":37}},"174":{"start":{"line":388,"column":4},"end":{"line":401,"column":7}},"175":{"start":{"line":400,"column":6},"end":{"line":400,"column":51}},"176":{"start":{"line":405,"column":28},"end":{"line":405,"column":38}},"177":{"start":{"line":406,"column":30},"end":{"line":406,"column":40}},"178":{"start":{"line":407,"column":22},"end":{"line":407,"column":40}},"179":{"start":{"line":408,"column":4},"end":{"line":410,"column":5}},"180":{"start":{"line":409,"column":6},"end":{"line":409,"column":58}},"181":{"start":{"line":415,"column":27},"end":{"line":415,"column":37}},"182":{"start":{"line":416,"column":4},"end":{"line":416,"column":50}},"183":{"start":{"line":421,"column":28},"end":{"line":421,"column":38}},"184":{"start":{"line":422,"column":20},"end":{"line":422,"column":29}},"185":{"start":{"line":423,"column":19},"end":{"line":423,"column":23}},"186":{"start":{"line":425,"column":4},"end":{"line":428,"column":5}},"187":{"start":{"line":426,"column":6},"end":{"line":426,"column":20}},"188":{"start":{"line":427,"column":6},"end":{"line":427,"column":20}},"189":{"start":{"line":429,"column":4},"end":{"line":429,"column":45}},"190":{"start":{"line":434,"column":28},"end":{"line":434,"column":38}},"191":{"start":{"line":435,"column":20},"end":{"line":435,"column":29}},"192":{"start":{"line":436,"column":19},"end":{"line":436,"column":23}},"193":{"start":{"line":438,"column":4},"end":{"line":441,"column":5}},"194":{"start":{"line":439,"column":6},"end":{"line":439,"column":21}},"195":{"start":{"line":440,"column":6},"end":{"line":440,"column":20}},"196":{"start":{"line":443,"column":4},"end":{"line":443,"column":45}},"197":{"start":{"line":448,"column":24},"end":{"line":448,"column":34}},"198":{"start":{"line":449,"column":24},"end":{"line":449,"column":49}},"199":{"start":{"line":450,"column":25},"end":{"line":450,"column":47}},"200":{"start":{"line":451,"column":23},"end":{"line":451,"column":44}},"201":{"start":{"line":453,"column":4},"end":{"line":455,"column":5}},"202":{"start":{"line":454,"column":6},"end":{"line":454,"column":19}},"203":{"start":{"line":457,"column":4},"end":{"line":459,"column":5}},"204":{"start":{"line":458,"column":6},"end":{"line":458,"column":19}},"205":{"start":{"line":461,"column":4},"end":{"line":463,"column":5}},"206":{"start":{"line":462,"column":6},"end":{"line":462,"column":19}},"207":{"start":{"line":465,"column":4},"end":{"line":465,"column":16}},"208":{"start":{"line":469,"column":38},"end":{"line":469,"column":48}},"209":{"start":{"line":472,"column":8},"end":{"line":472,"column":18}},"210":{"start":{"line":474,"column":17},"end":{"line":474,"column":51}},"211":{"start":{"line":475,"column":20},"end":{"line":475,"column":37}},"212":{"start":{"line":476,"column":22},"end":{"line":476,"column":76}},"213":{"start":{"line":477,"column":4},"end":{"line":493,"column":6}},"214":{"start":{"line":497,"column":0},"end":{"line":515,"column":2}}},"fnMap":{"0":{"name":"(anonymous_0)","decl":{"start":{"line":11,"column":2},"end":{"line":11,"column":3}},"loc":{"start":{"line":11,"column":21},"end":{"line":32,"column":3}},"line":11},"1":{"name":"(anonymous_1)","decl":{"start":{"line":34,"column":2},"end":{"line":34,"column":3}},"loc":{"start":{"line":34,"column":32},"end":{"line":53,"column":3}},"line":34},"2":{"name":"(anonymous_2)","decl":{"start":{"line":55,"column":2},"end":{"line":55,"column":3}},"loc":{"start":{"line":55,"column":43},"end":{"line":255,"column":3}},"line":55},"3":{"name":"(anonymous_3)","decl":{"start":{"line":67,"column":12},"end":{"line":67,"column":13}},"loc":{"start":{"line":67,"column":25},"end":{"line":251,"column":7}},"line":67},"4":{"name":"(anonymous_4)","decl":{"start":{"line":110,"column":18},"end":{"line":110,"column":19}},"loc":{"start":{"line":110,"column":36},"end":{"line":179,"column":13}},"line":110},"5":{"name":"(anonymous_5)","decl":{"start":{"line":136,"column":24},"end":{"line":136,"column":25}},"loc":{"start":{"line":136,"column":34},"end":{"line":171,"column":19}},"line":136},"6":{"name":"(anonymous_6)","decl":{"start":{"line":180,"column":19},"end":{"line":180,"column":20}},"loc":{"start":{"line":180,"column":26},"end":{"line":182,"column":13}},"line":180},"7":{"name":"(anonymous_7)","decl":{"start":{"line":208,"column":20},"end":{"line":208,"column":21}},"loc":{"start":{"line":208,"column":30},"end":{"line":233,"column":15}},"line":208},"8":{"name":"(anonymous_8)","decl":{"start":{"line":252,"column":13},"end":{"line":252,"column":14}},"loc":{"start":{"line":252,"column":20},"end":{"line":254,"column":7}},"line":252},"9":{"name":"(anonymous_9)","decl":{"start":{"line":258,"column":2},"end":{"line":258,"column":3}},"loc":{"start":{"line":258,"column":41},"end":{"line":290,"column":3}},"line":258},"10":{"name":"(anonymous_10)","decl":{"start":{"line":293,"column":2},"end":{"line":293,"column":3}},"loc":{"start":{"line":293,"column":25},"end":{"line":334,"column":3}},"line":293},"11":{"name":"(anonymous_11)","decl":{"start":{"line":336,"column":2},"end":{"line":336,"column":3}},"loc":{"start":{"line":336,"column":23},"end":{"line":360,"column":3}},"line":336},"12":{"name":"(anonymous_12)","decl":{"start":{"line":363,"column":2},"end":{"line":363,"column":3}},"loc":{"start":{"line":363,"column":43},"end":{"line":381,"column":3}},"line":363},"13":{"name":"(anonymous_13)","decl":{"start":{"line":378,"column":13},"end":{"line":378,"column":14}},"loc":{"start":{"line":378,"column":20},"end":{"line":380,"column":5}},"line":378},"14":{"name":"(anonymous_14)","decl":{"start":{"line":384,"column":2},"end":{"line":384,"column":3}},"loc":{"start":{"line":384,"column":43},"end":{"line":402,"column":3}},"line":384},"15":{"name":"(anonymous_15)","decl":{"start":{"line":399,"column":13},"end":{"line":399,"column":14}},"loc":{"start":{"line":399,"column":20},"end":{"line":401,"column":5}},"line":399},"16":{"name":"(anonymous_16)","decl":{"start":{"line":404,"column":2},"end":{"line":404,"column":3}},"loc":{"start":{"line":404,"column":22},"end":{"line":411,"column":3}},"line":404},"17":{"name":"(anonymous_17)","decl":{"start":{"line":414,"column":2},"end":{"line":414,"column":3}},"loc":{"start":{"line":414,"column":30},"end":{"line":417,"column":3}},"line":414},"18":{"name":"(anonymous_18)","decl":{"start":{"line":420,"column":2},"end":{"line":420,"column":3}},"loc":{"start":{"line":420,"column":14},"end":{"line":430,"column":3}},"line":420},"19":{"name":"(anonymous_19)","decl":{"start":{"line":433,"column":2},"end":{"line":433,"column":3}},"loc":{"start":{"line":433,"column":14},"end":{"line":444,"column":3}},"line":433},"20":{"name":"(anonymous_20)","decl":{"start":{"line":447,"column":2},"end":{"line":447,"column":3}},"loc":{"start":{"line":447,"column":31},"end":{"line":466,"column":3}},"line":447},"21":{"name":"(anonymous_21)","decl":{"start":{"line":468,"column":2},"end":{"line":468,"column":3}},"loc":{"start":{"line":468,"column":11},"end":{"line":494,"column":3}},"line":468}},"branchMap":{"0":{"loc":{"start":{"line":42,"column":4},"end":{"line":52,"column":5}},"type":"if","locations":[{"start":{"line":42,"column":4},"end":{"line":52,"column":5}},{"start":{"line":42,"column":4},"end":{"line":52,"column":5}}],"line":42},"1":{"loc":{"start":{"line":42,"column":8},"end":{"line":46,"column":51}},"type":"binary-expr","locations":[{"start":{"line":42,"column":8},"end":{"line":42,"column":24}},{"start":{"line":42,"column":28},"end":{"line":42,"column":46}},{"start":{"line":43,"column":9},"end":{"line":43,"column":49}},{"start":{"line":44,"column":9},"end":{"line":44,"column":47}},{"start":{"line":45,"column":9},"end":{"line":45,"column":49}},{"start":{"line":46,"column":9},"end":{"line":46,"column":51}}],"line":42},"2":{"loc":{"start":{"line":77,"column":8},"end":{"line":241,"column":9}},"type":"if","locations":[{"start":{"line":77,"column":8},"end":{"line":241,"column":9}},{"start":{"line":77,"column":8},"end":{"line":241,"column":9}}],"line":77},"3":{"loc":{"start":{"line":80,"column":12},"end":{"line":82,"column":13}},"type":"if","locations":[{"start":{"line":80,"column":12},"end":{"line":82,"column":13}},{"start":{"line":80,"column":12},"end":{"line":82,"column":13}}],"line":80},"4":{"loc":{"start":{"line":80,"column":16},"end":{"line":80,"column":53}},"type":"binary-expr","locations":[{"start":{"line":80,"column":16},"end":{"line":80,"column":21}},{"start":{"line":80,"column":25},"end":{"line":80,"column":53}}],"line":80},"5":{"loc":{"start":{"line":88,"column":14},"end":{"line":92,"column":15}},"type":"if","locations":[{"start":{"line":88,"column":14},"end":{"line":92,"column":15}},{"start":{"line":88,"column":14},"end":{"line":92,"column":15}}],"line":88},"6":{"loc":{"start":{"line":97,"column":28},"end":{"line":97,"column":54}},"type":"cond-expr","locations":[{"start":{"line":97,"column":44},"end":{"line":97,"column":46}},{"start":{"line":97,"column":49},"end":{"line":97,"column":54}}],"line":97},"7":{"loc":{"start":{"line":98,"column":27},"end":{"line":98,"column":60}},"type":"cond-expr","locations":[{"start":{"line":98,"column":44},"end":{"line":98,"column":52}},{"start":{"line":98,"column":56},"end":{"line":98,"column":60}}],"line":98},"8":{"loc":{"start":{"line":113,"column":14},"end":{"line":119,"column":15}},"type":"if","locations":[{"start":{"line":113,"column":14},"end":{"line":119,"column":15}},{"start":{"line":113,"column":14},"end":{"line":119,"column":15}}],"line":113},"9":{"loc":{"start":{"line":113,"column":18},"end":{"line":113,"column":120}},"type":"binary-expr","locations":[{"start":{"line":113,"column":18},"end":{"line":113,"column":42}},{"start":{"line":113,"column":46},"end":{"line":113,"column":120}}],"line":113},"10":{"loc":{"start":{"line":115,"column":18},"end":{"line":117,"column":19}},"type":"if","locations":[{"start":{"line":115,"column":18},"end":{"line":117,"column":19}},{"start":{"line":115,"column":18},"end":{"line":117,"column":19}}],"line":115},"11":{"loc":{"start":{"line":123,"column":14},"end":{"line":178,"column":15}},"type":"if","locations":[{"start":{"line":123,"column":14},"end":{"line":178,"column":15}},{"start":{"line":123,"column":14},"end":{"line":178,"column":15}}],"line":123},"12":{"loc":{"start":{"line":126,"column":20},"end":{"line":130,"column":21}},"type":"if","locations":[{"start":{"line":126,"column":20},"end":{"line":130,"column":21}},{"start":{"line":126,"column":20},"end":{"line":130,"column":21}}],"line":126},"13":{"loc":{"start":{"line":126,"column":24},"end":{"line":128,"column":143}},"type":"binary-expr","locations":[{"start":{"line":126,"column":25},"end":{"line":126,"column":48}},{"start":{"line":127,"column":28},"end":{"line":127,"column":53}},{"start":{"line":127,"column":57},"end":{"line":127,"column":82}},{"start":{"line":128,"column":28},"end":{"line":128,"column":53}},{"start":{"line":128,"column":57},"end":{"line":128,"column":84}},{"start":{"line":128,"column":88},"end":{"line":128,"column":142}}],"line":126},"14":{"loc":{"start":{"line":137,"column":20},"end":{"line":148,"column":21}},"type":"if","locations":[{"start":{"line":137,"column":20},"end":{"line":148,"column":21}},{"start":{"line":137,"column":20},"end":{"line":148,"column":21}}],"line":137},"15":{"loc":{"start":{"line":141,"column":26},"end":{"line":145,"column":27}},"type":"if","locations":[{"start":{"line":141,"column":26},"end":{"line":145,"column":27}},{"start":{"line":141,"column":26},"end":{"line":145,"column":27}}],"line":141},"16":{"loc":{"start":{"line":141,"column":30},"end":{"line":143,"column":170}},"type":"binary-expr","locations":[{"start":{"line":141,"column":31},"end":{"line":141,"column":69}},{"start":{"line":142,"column":32},"end":{"line":142,"column":72}},{"start":{"line":142,"column":76},"end":{"line":142,"column":95}},{"start":{"line":143,"column":32},"end":{"line":143,"column":72}},{"start":{"line":143,"column":76},"end":{"line":143,"column":97}},{"start":{"line":143,"column":101},"end":{"line":143,"column":169}}],"line":141},"17":{"loc":{"start":{"line":151,"column":20},"end":{"line":164,"column":21}},"type":"if","locations":[{"start":{"line":151,"column":20},"end":{"line":164,"column":21}},{"start":{"line":151,"column":20},"end":{"line":164,"column":21}}],"line":151},"18":{"loc":{"start":{"line":154,"column":26},"end":{"line":161,"column":27}},"type":"if","locations":[{"start":{"line":154,"column":26},"end":{"line":161,"column":27}},{"start":{"line":154,"column":26},"end":{"line":161,"column":27}}],"line":154},"19":{"loc":{"start":{"line":154,"column":30},"end":{"line":156,"column":178}},"type":"binary-expr","locations":[{"start":{"line":154,"column":30},"end":{"line":154,"column":50}},{"start":{"line":154,"column":56},"end":{"line":154,"column":94}},{"start":{"line":155,"column":32},"end":{"line":155,"column":72}},{"start":{"line":155,"column":76},"end":{"line":155,"column":102}},{"start":{"line":156,"column":32},"end":{"line":156,"column":72}},{"start":{"line":156,"column":76},"end":{"line":156,"column":104}},{"start":{"line":156,"column":108},"end":{"line":156,"column":176}}],"line":154},"20":{"loc":{"start":{"line":186,"column":10},"end":{"line":240,"column":11}},"type":"if","locations":[{"start":{"line":186,"column":10},"end":{"line":240,"column":11}},{"start":{"line":186,"column":10},"end":{"line":240,"column":11}}],"line":186},"21":{"loc":{"start":{"line":186,"column":14},"end":{"line":186,"column":69}},"type":"binary-expr","locations":[{"start":{"line":186,"column":14},"end":{"line":186,"column":40}},{"start":{"line":186,"column":44},"end":{"line":186,"column":69}}],"line":186},"22":{"loc":{"start":{"line":189,"column":16},"end":{"line":198,"column":17}},"type":"if","locations":[{"start":{"line":189,"column":16},"end":{"line":198,"column":17}},{"start":{"line":189,"column":16},"end":{"line":198,"column":17}}],"line":189},"23":{"loc":{"start":{"line":189,"column":20},"end":{"line":194,"column":163}},"type":"binary-expr","locations":[{"start":{"line":189,"column":20},"end":{"line":189,"column":40}},{"start":{"line":189,"column":46},"end":{"line":189,"column":84}},{"start":{"line":190,"column":20},"end":{"line":190,"column":60}},{"start":{"line":190,"column":64},"end":{"line":190,"column":90}},{"start":{"line":191,"column":20},"end":{"line":191,"column":60}},{"start":{"line":191,"column":64},"end":{"line":191,"column":92}},{"start":{"line":191,"column":96},"end":{"line":191,"column":164}},{"start":{"line":192,"column":21},"end":{"line":192,"column":58}},{"start":{"line":193,"column":20},"end":{"line":193,"column":59}},{"start":{"line":193,"column":63},"end":{"line":193,"column":88}},{"start":{"line":194,"column":20},"end":{"line":194,"column":59}},{"start":{"line":194,"column":63},"end":{"line":194,"column":90}},{"start":{"line":194,"column":94},"end":{"line":194,"column":161}}],"line":189},"24":{"loc":{"start":{"line":206,"column":17},"end":{"line":240,"column":11}},"type":"if","locations":[{"start":{"line":206,"column":17},"end":{"line":240,"column":11}},{"start":{"line":206,"column":17},"end":{"line":240,"column":11}}],"line":206},"25":{"loc":{"start":{"line":209,"column":16},"end":{"line":232,"column":17}},"type":"if","locations":[{"start":{"line":209,"column":16},"end":{"line":232,"column":17}},{"start":{"line":209,"column":16},"end":{"line":232,"column":17}}],"line":209},"26":{"loc":{"start":{"line":214,"column":22},"end":{"line":218,"column":23}},"type":"if","locations":[{"start":{"line":214,"column":22},"end":{"line":218,"column":23}},{"start":{"line":214,"column":22},"end":{"line":218,"column":23}}],"line":214},"27":{"loc":{"start":{"line":214,"column":26},"end":{"line":216,"column":146}},"type":"binary-expr","locations":[{"start":{"line":214,"column":27},"end":{"line":214,"column":49}},{"start":{"line":215,"column":30},"end":{"line":215,"column":54}},{"start":{"line":215,"column":58},"end":{"line":215,"column":86}},{"start":{"line":216,"column":30},"end":{"line":216,"column":54}},{"start":{"line":216,"column":58},"end":{"line":216,"column":88}},{"start":{"line":216,"column":92},"end":{"line":216,"column":145}}],"line":214},"28":{"loc":{"start":{"line":246,"column":12},"end":{"line":248,"column":13}},"type":"if","locations":[{"start":{"line":246,"column":12},"end":{"line":248,"column":13}},{"start":{"line":246,"column":12},"end":{"line":248,"column":13}}],"line":246},"29":{"loc":{"start":{"line":261,"column":33},"end":{"line":261,"column":64}},"type":"cond-expr","locations":[{"start":{"line":261,"column":49},"end":{"line":261,"column":57}},{"start":{"line":261,"column":60},"end":{"line":261,"column":64}}],"line":261},"30":{"loc":{"start":{"line":261,"column":66},"end":{"line":261,"column":95}},"type":"cond-expr","locations":[{"start":{"line":261,"column":82},"end":{"line":261,"column":83}},{"start":{"line":261,"column":86},"end":{"line":261,"column":95}}],"line":261},"31":{"loc":{"start":{"line":272,"column":6},"end":{"line":275,"column":7}},"type":"if","locations":[{"start":{"line":272,"column":6},"end":{"line":275,"column":7}},{"start":{"line":272,"column":6},"end":{"line":275,"column":7}}],"line":272},"32":{"loc":{"start":{"line":278,"column":6},"end":{"line":280,"column":7}},"type":"if","locations":[{"start":{"line":278,"column":6},"end":{"line":280,"column":7}},{"start":{"line":278,"column":6},"end":{"line":280,"column":7}}],"line":278},"33":{"loc":{"start":{"line":296,"column":4},"end":{"line":298,"column":5}},"type":"if","locations":[{"start":{"line":296,"column":4},"end":{"line":298,"column":5}},{"start":{"line":296,"column":4},"end":{"line":298,"column":5}}],"line":296},"34":{"loc":{"start":{"line":304,"column":4},"end":{"line":314,"column":5}},"type":"if","locations":[{"start":{"line":304,"column":4},"end":{"line":314,"column":5}},{"start":{"line":304,"column":4},"end":{"line":314,"column":5}}],"line":304},"35":{"loc":{"start":{"line":304,"column":8},"end":{"line":304,"column":86}},"type":"binary-expr","locations":[{"start":{"line":304,"column":8},"end":{"line":304,"column":27}},{"start":{"line":304,"column":31},"end":{"line":304,"column":56}},{"start":{"line":304,"column":60},"end":{"line":304,"column":86}}],"line":304},"36":{"loc":{"start":{"line":307,"column":10},"end":{"line":311,"column":11}},"type":"if","locations":[{"start":{"line":307,"column":10},"end":{"line":311,"column":11}},{"start":{"line":307,"column":10},"end":{"line":311,"column":11}}],"line":307},"37":{"loc":{"start":{"line":307,"column":14},"end":{"line":307,"column":88}},"type":"binary-expr","locations":[{"start":{"line":307,"column":14},"end":{"line":307,"column":38}},{"start":{"line":307,"column":42},"end":{"line":307,"column":88}}],"line":307},"38":{"loc":{"start":{"line":316,"column":4},"end":{"line":329,"column":5}},"type":"if","locations":[{"start":{"line":316,"column":4},"end":{"line":329,"column":5}},{"start":{"line":316,"column":4},"end":{"line":329,"column":5}}],"line":316},"39":{"loc":{"start":{"line":316,"column":8},"end":{"line":316,"column":85}},"type":"binary-expr","locations":[{"start":{"line":316,"column":8},"end":{"line":316,"column":26}},{"start":{"line":316,"column":30},"end":{"line":316,"column":56}},{"start":{"line":316,"column":60},"end":{"line":316,"column":85}}],"line":316},"40":{"loc":{"start":{"line":319,"column":10},"end":{"line":326,"column":11}},"type":"if","locations":[{"start":{"line":319,"column":10},"end":{"line":326,"column":11}},{"start":{"line":319,"column":10},"end":{"line":326,"column":11}}],"line":319},"41":{"loc":{"start":{"line":319,"column":14},"end":{"line":322,"column":138}},"type":"binary-expr","locations":[{"start":{"line":319,"column":14},"end":{"line":319,"column":38}},{"start":{"line":319,"column":42},"end":{"line":319,"column":88}},{"start":{"line":320,"column":14},"end":{"line":320,"column":38}},{"start":{"line":321,"column":16},"end":{"line":321,"column":42}},{"start":{"line":321,"column":46},"end":{"line":321,"column":72}},{"start":{"line":322,"column":16},"end":{"line":322,"column":42}},{"start":{"line":322,"column":46},"end":{"line":322,"column":74}},{"start":{"line":322,"column":78},"end":{"line":322,"column":136}}],"line":319},"42":{"loc":{"start":{"line":341,"column":4},"end":{"line":347,"column":5}},"type":"if","locations":[{"start":{"line":341,"column":4},"end":{"line":347,"column":5}},{"start":{"line":341,"column":4},"end":{"line":347,"column":5}}],"line":341},"43":{"loc":{"start":{"line":341,"column":8},"end":{"line":341,"column":86}},"type":"binary-expr","locations":[{"start":{"line":341,"column":8},"end":{"line":341,"column":27}},{"start":{"line":341,"column":31},"end":{"line":341,"column":56}},{"start":{"line":341,"column":60},"end":{"line":341,"column":86}}],"line":341},"44":{"loc":{"start":{"line":349,"column":4},"end":{"line":355,"column":5}},"type":"if","locations":[{"start":{"line":349,"column":4},"end":{"line":355,"column":5}},{"start":{"line":349,"column":4},"end":{"line":355,"column":5}}],"line":349},"45":{"loc":{"start":{"line":349,"column":8},"end":{"line":349,"column":85}},"type":"binary-expr","locations":[{"start":{"line":349,"column":8},"end":{"line":349,"column":26}},{"start":{"line":349,"column":30},"end":{"line":349,"column":56}},{"start":{"line":349,"column":60},"end":{"line":349,"column":85}}],"line":349},"46":{"loc":{"start":{"line":408,"column":4},"end":{"line":410,"column":5}},"type":"if","locations":[{"start":{"line":408,"column":4},"end":{"line":410,"column":5}},{"start":{"line":408,"column":4},"end":{"line":410,"column":5}}],"line":408},"47":{"loc":{"start":{"line":425,"column":4},"end":{"line":428,"column":5}},"type":"if","locations":[{"start":{"line":425,"column":4},"end":{"line":428,"column":5}},{"start":{"line":425,"column":4},"end":{"line":428,"column":5}}],"line":425},"48":{"loc":{"start":{"line":438,"column":4},"end":{"line":441,"column":5}},"type":"if","locations":[{"start":{"line":438,"column":4},"end":{"line":441,"column":5}},{"start":{"line":438,"column":4},"end":{"line":441,"column":5}}],"line":438},"49":{"loc":{"start":{"line":453,"column":4},"end":{"line":455,"column":5}},"type":"if","locations":[{"start":{"line":453,"column":4},"end":{"line":455,"column":5}},{"start":{"line":453,"column":4},"end":{"line":455,"column":5}}],"line":453},"50":{"loc":{"start":{"line":457,"column":4},"end":{"line":459,"column":5}},"type":"if","locations":[{"start":{"line":457,"column":4},"end":{"line":459,"column":5}},{"start":{"line":457,"column":4},"end":{"line":459,"column":5}}],"line":457},"51":{"loc":{"start":{"line":457,"column":8},"end":{"line":457,"column":51}},"type":"binary-expr","locations":[{"start":{"line":457,"column":8},"end":{"line":457,"column":27}},{"start":{"line":457,"column":31},"end":{"line":457,"column":51}}],"line":457},"52":{"loc":{"start":{"line":461,"column":4},"end":{"line":463,"column":5}},"type":"if","locations":[{"start":{"line":461,"column":4},"end":{"line":463,"column":5}},{"start":{"line":461,"column":4},"end":{"line":463,"column":5}}],"line":461},"53":{"loc":{"start":{"line":461,"column":8},"end":{"line":461,"column":72}},"type":"binary-expr","locations":[{"start":{"line":461,"column":8},"end":{"line":461,"column":27}},{"start":{"line":461,"column":31},"end":{"line":461,"column":52}},{"start":{"line":461,"column":56},"end":{"line":461,"column":72}}],"line":461},"54":{"loc":{"start":{"line":479,"column":19},"end":{"line":479,"column":53}},"type":"cond-expr","locations":[{"start":{"line":479,"column":29},"end":{"line":479,"column":46}},{"start":{"line":479,"column":49},"end":{"line":479,"column":53}}],"line":479},"55":{"loc":{"start":{"line":481,"column":17},"end":{"line":481,"column":56}},"type":"cond-expr","locations":[{"start":{"line":481,"column":38},"end":{"line":481,"column":39}},{"start":{"line":481,"column":43},"end":{"line":481,"column":55}}],"line":481}},"s":{"0":8,"1":8,"2":8,"3":8,"4":248,"5":8,"6":8,"7":8,"8":8,"9":8,"10":8,"11":8,"12":8,"13":11,"14":11,"15":11,"16":0,"17":0,"18":11,"19":11,"20":11,"21":11,"22":11,"23":0,"24":11,"25":11,"26":11,"27":11,"28":1,"29":1,"30":1,"31":7,"32":4,"33":1,"34":1,"35":5,"36":5,"37":35,"38":31,"39":31,"40":31,"41":1,"42":1,"43":1,"44":1,"45":1,"46":0,"47":0,"48":0,"49":0,"50":1,"51":1,"52":0,"53":0,"54":0,"55":0,"56":0,"57":0,"58":0,"59":0,"60":0,"61":0,"62":0,"63":0,"64":0,"65":0,"66":0,"67":0,"68":0,"69":0,"70":0,"71":0,"72":0,"73":0,"74":0,"75":0,"76":1,"77":0,"78":10,"79":10,"80":2,"81":2,"82":10,"83":10,"84":70,"85":0,"86":70,"87":2,"88":8,"89":0,"90":0,"91":0,"92":0,"93":0,"94":0,"95":0,"96":0,"97":0,"98":0,"99":0,"100":0,"101":8,"102":11,"103":11,"104":57,"105":57,"106":399,"107":95,"108":0,"109":19,"110":19,"111":19,"112":19,"113":19,"114":19,"115":54,"116":19,"117":19,"118":589,"119":79,"120":79,"121":589,"122":589,"123":248,"124":589,"125":19,"126":43,"127":19,"128":19,"129":0,"130":0,"131":0,"132":0,"133":0,"134":0,"135":0,"136":0,"137":0,"138":0,"139":0,"140":0,"141":0,"142":0,"143":0,"144":0,"145":0,"146":0,"147":0,"148":0,"149":0,"150":0,"151":0,"152":0,"153":0,"154":0,"155":0,"156":0,"157":0,"158":0,"159":0,"160":0,"161":0,"162":0,"163":0,"164":0,"165":0,"166":0,"167":0,"168":1,"169":1,"170":1,"171":0,"172":1,"173":1,"174":1,"175":0,"176":1,"177":1,"178":1,"179":1,"180":0,"181":3,"182":3,"183":1,"184":1,"185":1,"186":1,"187":1,"188":1,"189":1,"190":2,"191":2,"192":2,"193":2,"194":1,"195":1,"196":2,"197":590,"198":590,"199":590,"200":590,"201":590,"202":372,"203":218,"204":1,"205":217,"206":58,"207":159,"208":19,"209":19,"210":19,"211":19,"212":19,"213":19,"214":1},"f":{"0":8,"1":11,"2":11,"3":11,"4":1,"5":0,"6":0,"7":0,"8":0,"9":19,"10":0,"11":0,"12":1,"13":0,"14":1,"15":0,"16":1,"17":3,"18":1,"19":2,"20":590,"21":19},"b":{"0":[0,11],"1":[11,11,11,11,11,11],"2":[1,10],"3":[4,3],"4":[7,7],"5":[31,4],"6":[0,1],"7":[0,1],"8":[0,1],"9":[1,0],"10":[0,0],"11":[0,1],"12":[0,0],"13":[0,0,0,0,0,0],"14":[0,0],"15":[0,0],"16":[0,0,0,0,0,0],"17":[0,0],"18":[0,0],"19":[0,0,0,0,0,0,0],"20":[2,8],"21":[10,2],"22":[0,70],"23":[70,0,0,0,0,0,0,0,0,0,0,0,0],"24":[0,8],"25":[0,0],"26":[0,0],"27":[0,0,0,0,0,0],"28":[95,304],"29":[0,19],"30":[0,19],"31":[79,510],"32":[248,341],"33":[0,0],"34":[0,0],"35":[0,0,0],"36":[0,0],"37":[0,0],"38":[0,0],"39":[0,0,0],"40":[0,0],"41":[0,0,0,0,0,0,0,0],"42":[0,0],"43":[0,0,0],"44":[0,0],"45":[0,0,0],"46":[0,1],"47":[1,0],"48":[1,1],"49":[372,218],"50":[1,217],"51":[218,125],"52":[58,159],"53":[217,124,62],"54":[19,0],"55":[17,2]},"_coverageSchema":"43e27e138ebf9cfc5966b082cf9a028302ed4184","hash":"bcb700981646623562cb8653dbb03519568a4319"}
,"/Users/jianyeung/HackReactor/reservations/client/Components/Day.jsx": {"path":"/Users/jianyeung/HackReactor/reservations/client/Components/Day.jsx","statementMap":{"0":{"start":{"line":8,"column":4},"end":{"line":8,"column":17}},"1":{"start":{"line":9,"column":4},"end":{"line":13,"column":6}},"2":{"start":{"line":17,"column":18},"end":{"line":17,"column":33}},"3":{"start":{"line":20,"column":8},"end":{"line":20,"column":18}},"4":{"start":{"line":22,"column":4},"end":{"line":26,"column":7}},"5":{"start":{"line":31,"column":18},"end":{"line":31,"column":33}},"6":{"start":{"line":34,"column":8},"end":{"line":34,"column":18}},"7":{"start":{"line":37,"column":4},"end":{"line":41,"column":5}},"8":{"start":{"line":38,"column":6},"end":{"line":38,"column":35}},"9":{"start":{"line":40,"column":6},"end":{"line":40,"column":31}},"10":{"start":{"line":43,"column":4},"end":{"line":50,"column":5}},"11":{"start":{"line":44,"column":6},"end":{"line":44,"column":49}},"12":{"start":{"line":45,"column":6},"end":{"line":45,"column":28}},"13":{"start":{"line":46,"column":6},"end":{"line":46,"column":45}},"14":{"start":{"line":47,"column":11},"end":{"line":50,"column":5}},"15":{"start":{"line":48,"column":6},"end":{"line":48,"column":49}},"16":{"start":{"line":49,"column":6},"end":{"line":49,"column":28}},"17":{"start":{"line":52,"column":4},"end":{"line":54,"column":5}},"18":{"start":{"line":53,"column":6},"end":{"line":53,"column":38}},"19":{"start":{"line":56,"column":4},"end":{"line":58,"column":5}},"20":{"start":{"line":57,"column":6},"end":{"line":57,"column":45}},"21":{"start":{"line":62,"column":18},"end":{"line":62,"column":66}},"22":{"start":{"line":66,"column":8},"end":{"line":66,"column":18}},"23":{"start":{"line":68,"column":4},"end":{"line":74,"column":5}},"24":{"start":{"line":69,"column":6},"end":{"line":69,"column":44}},"25":{"start":{"line":70,"column":6},"end":{"line":70,"column":32}},"26":{"start":{"line":72,"column":6},"end":{"line":72,"column":36}},"27":{"start":{"line":73,"column":6},"end":{"line":73,"column":28}},"28":{"start":{"line":76,"column":4},"end":{"line":80,"column":5}},"29":{"start":{"line":77,"column":6},"end":{"line":77,"column":36}},"30":{"start":{"line":78,"column":6},"end":{"line":78,"column":49}},"31":{"start":{"line":79,"column":6},"end":{"line":79,"column":28}},"32":{"start":{"line":82,"column":4},"end":{"line":88,"column":5}},"33":{"start":{"line":83,"column":6},"end":{"line":83,"column":28}},"34":{"start":{"line":84,"column":6},"end":{"line":84,"column":38}},"35":{"start":{"line":86,"column":6},"end":{"line":86,"column":39}},"36":{"start":{"line":87,"column":6},"end":{"line":87,"column":33}},"37":{"start":{"line":90,"column":4},"end":{"line":90,"column":17}},"38":{"start":{"line":94,"column":4},"end":{"line":98,"column":7}},"39":{"start":{"line":102,"column":37},"end":{"line":102,"column":47}},"40":{"start":{"line":103,"column":74},"end":{"line":103,"column":84}},"41":{"start":{"line":105,"column":4},"end":{"line":125,"column":6}},"42":{"start":{"line":129,"column":0},"end":{"line":146,"column":2}},"43":{"start":{"line":148,"column":0},"end":{"line":158,"column":2}}},"fnMap":{"0":{"name":"(anonymous_0)","decl":{"start":{"line":7,"column":2},"end":{"line":7,"column":3}},"loc":{"start":{"line":7,"column":21},"end":{"line":14,"column":3}},"line":7},"1":{"name":"(anonymous_1)","decl":{"start":{"line":16,"column":2},"end":{"line":16,"column":3}},"loc":{"start":{"line":16,"column":22},"end":{"line":27,"column":3}},"line":16},"2":{"name":"(anonymous_2)","decl":{"start":{"line":30,"column":2},"end":{"line":30,"column":3}},"loc":{"start":{"line":30,"column":44},"end":{"line":59,"column":3}},"line":30},"3":{"name":"(anonymous_3)","decl":{"start":{"line":61,"column":2},"end":{"line":61,"column":3}},"loc":{"start":{"line":61,"column":13},"end":{"line":91,"column":3}},"line":61},"4":{"name":"(anonymous_4)","decl":{"start":{"line":93,"column":2},"end":{"line":93,"column":3}},"loc":{"start":{"line":93,"column":36},"end":{"line":99,"column":3}},"line":93},"5":{"name":"(anonymous_5)","decl":{"start":{"line":101,"column":2},"end":{"line":101,"column":3}},"loc":{"start":{"line":101,"column":11},"end":{"line":126,"column":3}},"line":101},"6":{"name":"(anonymous_6)","decl":{"start":{"line":111,"column":51},"end":{"line":111,"column":52}},"loc":{"start":{"line":111,"column":57},"end":{"line":111,"column":59}},"line":111},"7":{"name":"(anonymous_7)","decl":{"start":{"line":113,"column":47},"end":{"line":113,"column":48}},"loc":{"start":{"line":113,"column":53},"end":{"line":113,"column":55}},"line":113}},"branchMap":{"0":{"loc":{"start":{"line":37,"column":4},"end":{"line":41,"column":5}},"type":"if","locations":[{"start":{"line":37,"column":4},"end":{"line":41,"column":5}},{"start":{"line":37,"column":4},"end":{"line":41,"column":5}}],"line":37},"1":{"loc":{"start":{"line":43,"column":4},"end":{"line":50,"column":5}},"type":"if","locations":[{"start":{"line":43,"column":4},"end":{"line":50,"column":5}},{"start":{"line":43,"column":4},"end":{"line":50,"column":5}}],"line":43},"2":{"loc":{"start":{"line":47,"column":11},"end":{"line":50,"column":5}},"type":"if","locations":[{"start":{"line":47,"column":11},"end":{"line":50,"column":5}},{"start":{"line":47,"column":11},"end":{"line":50,"column":5}}],"line":47},"3":{"loc":{"start":{"line":52,"column":4},"end":{"line":54,"column":5}},"type":"if","locations":[{"start":{"line":52,"column":4},"end":{"line":54,"column":5}},{"start":{"line":52,"column":4},"end":{"line":54,"column":5}}],"line":52},"4":{"loc":{"start":{"line":56,"column":4},"end":{"line":58,"column":5}},"type":"if","locations":[{"start":{"line":56,"column":4},"end":{"line":58,"column":5}},{"start":{"line":56,"column":4},"end":{"line":58,"column":5}}],"line":56},"5":{"loc":{"start":{"line":56,"column":8},"end":{"line":56,"column":218}},"type":"binary-expr","locations":[{"start":{"line":56,"column":8},"end":{"line":56,"column":66}},{"start":{"line":56,"column":70},"end":{"line":56,"column":97}},{"start":{"line":56,"column":101},"end":{"line":56,"column":126}},{"start":{"line":56,"column":130},"end":{"line":56,"column":171}},{"start":{"line":56,"column":175},"end":{"line":56,"column":218}}],"line":56},"6":{"loc":{"start":{"line":68,"column":4},"end":{"line":74,"column":5}},"type":"if","locations":[{"start":{"line":68,"column":4},"end":{"line":74,"column":5}},{"start":{"line":68,"column":4},"end":{"line":74,"column":5}}],"line":68},"7":{"loc":{"start":{"line":76,"column":4},"end":{"line":80,"column":5}},"type":"if","locations":[{"start":{"line":76,"column":4},"end":{"line":80,"column":5}},{"start":{"line":76,"column":4},"end":{"line":80,"column":5}}],"line":76},"8":{"loc":{"start":{"line":76,"column":8},"end":{"line":76,"column":39}},"type":"binary-expr","locations":[{"start":{"line":76,"column":8},"end":{"line":76,"column":21}},{"start":{"line":76,"column":25},"end":{"line":76,"column":39}}],"line":76},"9":{"loc":{"start":{"line":82,"column":4},"end":{"line":88,"column":5}},"type":"if","locations":[{"start":{"line":82,"column":4},"end":{"line":88,"column":5}},{"start":{"line":82,"column":4},"end":{"line":88,"column":5}}],"line":82},"10":{"loc":{"start":{"line":108,"column":19},"end":{"line":108,"column":96}},"type":"cond-expr","locations":[{"start":{"line":108,"column":75},"end":{"line":108,"column":91}},{"start":{"line":108,"column":94},"end":{"line":108,"column":96}}],"line":108},"11":{"loc":{"start":{"line":108,"column":19},"end":{"line":108,"column":72}},"type":"binary-expr","locations":[{"start":{"line":108,"column":19},"end":{"line":108,"column":24}},{"start":{"line":108,"column":28},"end":{"line":108,"column":72}}],"line":108},"12":{"loc":{"start":{"line":111,"column":21},"end":{"line":111,"column":59}},"type":"cond-expr","locations":[{"start":{"line":111,"column":29},"end":{"line":111,"column":48}},{"start":{"line":111,"column":51},"end":{"line":111,"column":59}}],"line":111},"13":{"loc":{"start":{"line":113,"column":17},"end":{"line":113,"column":55}},"type":"cond-expr","locations":[{"start":{"line":113,"column":25},"end":{"line":113,"column":44}},{"start":{"line":113,"column":47},"end":{"line":113,"column":55}}],"line":113},"14":{"loc":{"start":{"line":122,"column":11},"end":{"line":122,"column":23}},"type":"binary-expr","locations":[{"start":{"line":122,"column":11},"end":{"line":122,"column":17}},{"start":{"line":122,"column":21},"end":{"line":122,"column":23}}],"line":122}},"s":{"0":4,"1":4,"2":4,"3":4,"4":4,"5":8,"6":8,"7":8,"8":2,"9":6,"10":8,"11":0,"12":0,"13":0,"14":8,"15":0,"16":0,"17":8,"18":8,"19":8,"20":4,"21":12,"22":12,"23":12,"24":3,"25":3,"26":9,"27":9,"28":12,"29":12,"30":12,"31":12,"32":12,"33":6,"34":6,"35":6,"36":6,"37":12,"38":4,"39":12,"40":12,"41":12,"42":1,"43":1},"f":{"0":4,"1":4,"2":8,"3":12,"4":4,"5":12,"6":0,"7":0},"b":{"0":[2,6],"1":[0,8],"2":[0,8],"3":[8,0],"4":[4,4],"5":[8,4,4,4,4],"6":[3,9],"7":[12,0],"8":[12,9],"9":[6,6],"10":[9,3],"11":[12,9],"12":[9,3],"13":[9,3],"14":[12,6]},"_coverageSchema":"43e27e138ebf9cfc5966b082cf9a028302ed4184","hash":"c6025600e02d256c7199d3c2cfbf575b2a2d261c"}
,"/Users/jianyeung/HackReactor/reservations/client/Components/GuestButton.jsx": {"path":"/Users/jianyeung/HackReactor/reservations/client/Components/GuestButton.jsx","statementMap":{"0":{"start":{"line":7,"column":4},"end":{"line":7,"column":17}},"1":{"start":{"line":8,"column":4},"end":{"line":10,"column":6}},"2":{"start":{"line":16,"column":8},"end":{"line":16,"column":18}},"3":{"start":{"line":18,"column":4},"end":{"line":44,"column":6}},"4":{"start":{"line":27,"column":27},"end":{"line":27,"column":79}},"5":{"start":{"line":48,"column":0},"end":{"line":52,"column":2}}},"fnMap":{"0":{"name":"(anonymous_0)","decl":{"start":{"line":6,"column":2},"end":{"line":6,"column":3}},"loc":{"start":{"line":6,"column":21},"end":{"line":11,"column":3}},"line":6},"1":{"name":"(anonymous_1)","decl":{"start":{"line":13,"column":2},"end":{"line":13,"column":3}},"loc":{"start":{"line":13,"column":11},"end":{"line":45,"column":3}},"line":13},"2":{"name":"(anonymous_2)","decl":{"start":{"line":27,"column":19},"end":{"line":27,"column":20}},"loc":{"start":{"line":27,"column":25},"end":{"line":27,"column":81}},"line":27}},"branchMap":{"0":{"loc":{"start":{"line":20,"column":87},"end":{"line":20,"column":110}},"type":"cond-expr","locations":[{"start":{"line":20,"column":104},"end":{"line":20,"column":105}},{"start":{"line":20,"column":108},"end":{"line":20,"column":110}}],"line":20},"1":{"loc":{"start":{"line":20,"column":126},"end":{"line":20,"column":149}},"type":"cond-expr","locations":[{"start":{"line":20,"column":143},"end":{"line":20,"column":144}},{"start":{"line":20,"column":147},"end":{"line":20,"column":149}}],"line":20},"2":{"loc":{"start":{"line":26,"column":17},"end":{"line":26,"column":149}},"type":"cond-expr","locations":[{"start":{"line":26,"column":29},"end":{"line":26,"column":52}},{"start":{"line":26,"column":55},"end":{"line":26,"column":149}}],"line":26},"3":{"loc":{"start":{"line":27,"column":41},"end":{"line":27,"column":64}},"type":"cond-expr","locations":[{"start":{"line":27,"column":58},"end":{"line":27,"column":59}},{"start":{"line":27,"column":62},"end":{"line":27,"column":64}}],"line":27},"4":{"loc":{"start":{"line":39,"column":15},"end":{"line":39,"column":89}},"type":"cond-expr","locations":[{"start":{"line":39,"column":32},"end":{"line":39,"column":82}},{"start":{"line":39,"column":85},"end":{"line":39,"column":89}}],"line":39}},"s":{"0":3,"1":3,"2":3,"3":3,"4":1,"5":1},"f":{"0":3,"1":3,"2":1},"b":{"0":[2,1],"1":[2,1],"2":[0,3],"3":[1,0],"4":[2,1]},"_coverageSchema":"43e27e138ebf9cfc5966b082cf9a028302ed4184","hash":"3073257d839820f9fefdd26dd6f71091b5751851"}
,"/Users/jianyeung/HackReactor/reservations/client/Components/GuestDropdown.jsx": {"path":"/Users/jianyeung/HackReactor/reservations/client/Components/GuestDropdown.jsx","statementMap":{"0":{"start":{"line":9,"column":4},"end":{"line":9,"column":17}},"1":{"start":{"line":11,"column":4},"end":{"line":17,"column":6}},"2":{"start":{"line":18,"column":4},"end":{"line":18,"column":53}},"3":{"start":{"line":22,"column":26},"end":{"line":22,"column":36}},"4":{"start":{"line":23,"column":4},"end":{"line":25,"column":7}},"5":{"start":{"line":29,"column":40},"end":{"line":29,"column":50}},"6":{"start":{"line":30,"column":40},"end":{"line":30,"column":50}},"7":{"start":{"line":32,"column":4},"end":{"line":37,"column":5}},"8":{"start":{"line":34,"column":6},"end":{"line":36,"column":9}},"9":{"start":{"line":41,"column":33},"end":{"line":41,"column":43}},"10":{"start":{"line":44,"column":8},"end":{"line":44,"column":18}},"11":{"start":{"line":46,"column":4},"end":{"line":60,"column":5}},"12":{"start":{"line":48,"column":8},"end":{"line":48,"column":26}},"13":{"start":{"line":49,"column":8},"end":{"line":49,"column":26}},"14":{"start":{"line":50,"column":8},"end":{"line":50,"column":14}},"15":{"start":{"line":52,"column":8},"end":{"line":52,"column":26}},"16":{"start":{"line":53,"column":8},"end":{"line":53,"column":29}},"17":{"start":{"line":54,"column":8},"end":{"line":54,"column":14}},"18":{"start":{"line":56,"column":8},"end":{"line":56,"column":27}},"19":{"start":{"line":57,"column":8},"end":{"line":57,"column":14}},"20":{"start":{"line":59,"column":8},"end":{"line":59,"column":14}},"21":{"start":{"line":61,"column":4},"end":{"line":61,"column":32}},"22":{"start":{"line":63,"column":4},"end":{"line":68,"column":7}},"23":{"start":{"line":74,"column":8},"end":{"line":74,"column":18}},"24":{"start":{"line":76,"column":36},"end":{"line":76,"column":46}},"25":{"start":{"line":78,"column":4},"end":{"line":144,"column":6}},"26":{"start":{"line":148,"column":0},"end":{"line":154,"column":2}}},"fnMap":{"0":{"name":"(anonymous_0)","decl":{"start":{"line":8,"column":2},"end":{"line":8,"column":3}},"loc":{"start":{"line":8,"column":21},"end":{"line":19,"column":3}},"line":8},"1":{"name":"(anonymous_1)","decl":{"start":{"line":21,"column":2},"end":{"line":21,"column":3}},"loc":{"start":{"line":21,"column":22},"end":{"line":26,"column":3}},"line":21},"2":{"name":"(anonymous_2)","decl":{"start":{"line":28,"column":2},"end":{"line":28,"column":3}},"loc":{"start":{"line":28,"column":23},"end":{"line":38,"column":3}},"line":28},"3":{"name":"(anonymous_3)","decl":{"start":{"line":40,"column":2},"end":{"line":40,"column":3}},"loc":{"start":{"line":40,"column":26},"end":{"line":69,"column":3}},"line":40},"4":{"name":"(anonymous_4)","decl":{"start":{"line":71,"column":2},"end":{"line":71,"column":3}},"loc":{"start":{"line":71,"column":11},"end":{"line":145,"column":3}},"line":71}},"branchMap":{"0":{"loc":{"start":{"line":32,"column":4},"end":{"line":37,"column":5}},"type":"if","locations":[{"start":{"line":32,"column":4},"end":{"line":37,"column":5}},{"start":{"line":32,"column":4},"end":{"line":37,"column":5}}],"line":32},"1":{"loc":{"start":{"line":46,"column":4},"end":{"line":60,"column":5}},"type":"switch","locations":[{"start":{"line":47,"column":6},"end":{"line":50,"column":14}},{"start":{"line":51,"column":6},"end":{"line":54,"column":14}},{"start":{"line":55,"column":6},"end":{"line":57,"column":14}},{"start":{"line":58,"column":6},"end":{"line":59,"column":14}}],"line":46},"2":{"loc":{"start":{"line":89,"column":54},"end":{"line":89,"column":149}},"type":"cond-expr","locations":[{"start":{"line":89,"column":100},"end":{"line":89,"column":121}},{"start":{"line":89,"column":124},"end":{"line":89,"column":149}}],"line":89},"3":{"loc":{"start":{"line":89,"column":55},"end":{"line":89,"column":96}},"type":"binary-expr","locations":[{"start":{"line":89,"column":55},"end":{"line":89,"column":78}},{"start":{"line":89,"column":82},"end":{"line":89,"column":96}}],"line":89},"4":{"loc":{"start":{"line":89,"column":242},"end":{"line":89,"column":283}},"type":"binary-expr","locations":[{"start":{"line":89,"column":242},"end":{"line":89,"column":265}},{"start":{"line":89,"column":269},"end":{"line":89,"column":283}}],"line":89},"5":{"loc":{"start":{"line":91,"column":54},"end":{"line":91,"column":130}},"type":"cond-expr","locations":[{"start":{"line":91,"column":81},"end":{"line":91,"column":102}},{"start":{"line":91,"column":105},"end":{"line":91,"column":130}}],"line":91},"6":{"loc":{"start":{"line":98,"column":54},"end":{"line":98,"column":152}},"type":"cond-expr","locations":[{"start":{"line":98,"column":103},"end":{"line":98,"column":124}},{"start":{"line":98,"column":127},"end":{"line":98,"column":152}}],"line":98},"7":{"loc":{"start":{"line":98,"column":55},"end":{"line":98,"column":99}},"type":"binary-expr","locations":[{"start":{"line":98,"column":55},"end":{"line":98,"column":78}},{"start":{"line":98,"column":82},"end":{"line":98,"column":99}}],"line":98},"8":{"loc":{"start":{"line":98,"column":248},"end":{"line":98,"column":292}},"type":"binary-expr","locations":[{"start":{"line":98,"column":248},"end":{"line":98,"column":271}},{"start":{"line":98,"column":275},"end":{"line":98,"column":292}}],"line":98},"9":{"loc":{"start":{"line":100,"column":54},"end":{"line":100,"column":130}},"type":"cond-expr","locations":[{"start":{"line":100,"column":81},"end":{"line":100,"column":102}},{"start":{"line":100,"column":105},"end":{"line":100,"column":130}}],"line":100},"10":{"loc":{"start":{"line":107,"column":54},"end":{"line":107,"column":123}},"type":"cond-expr","locations":[{"start":{"line":107,"column":74},"end":{"line":107,"column":95}},{"start":{"line":107,"column":98},"end":{"line":107,"column":123}}],"line":107},"11":{"loc":{"start":{"line":109,"column":54},"end":{"line":109,"column":123}},"type":"cond-expr","locations":[{"start":{"line":109,"column":74},"end":{"line":109,"column":95}},{"start":{"line":109,"column":98},"end":{"line":109,"column":123}}],"line":109}},"s":{"0":4,"1":4,"2":4,"3":4,"4":4,"5":6,"6":6,"7":6,"8":0,"9":2,"10":2,"11":2,"12":1,"13":1,"14":1,"15":1,"16":1,"17":1,"18":0,"19":0,"20":0,"21":2,"22":2,"23":10,"24":10,"25":10,"26":1},"f":{"0":4,"1":4,"2":6,"3":2,"4":10},"b":{"0":[0,6],"1":[1,1,0,0],"2":[1,9],"3":[10,10],"4":[10,10],"5":[10,0],"6":[8,2],"7":[10,10],"8":[10,10],"9":[10,0],"10":[2,8],"11":[10,0]},"_coverageSchema":"43e27e138ebf9cfc5966b082cf9a028302ed4184","hash":"c6d43fc25ea03cff04549746ae30005ccba7ee0e"}
,"/Users/jianyeung/HackReactor/reservations/client/Components/Month.jsx": {"path":"/Users/jianyeung/HackReactor/reservations/client/Components/Month.jsx","statementMap":{"0":{"start":{"line":10,"column":6},"end":{"line":10,"column":11}},"1":{"start":{"line":11,"column":2},"end":{"line":66,"column":4}},"2":{"start":{"line":33,"column":12},"end":{"line":47,"column":17}},"3":{"start":{"line":36,"column":36},"end":{"line":36,"column":41}},"4":{"start":{"line":37,"column":16},"end":{"line":39,"column":17}},"5":{"start":{"line":38,"column":18},"end":{"line":38,"column":39}},"6":{"start":{"line":41,"column":37},"end":{"line":41,"column":42}},"7":{"start":{"line":42,"column":16},"end":{"line":44,"column":17}},"8":{"start":{"line":43,"column":18},"end":{"line":43,"column":40}},"9":{"start":{"line":45,"column":16},"end":{"line":45,"column":334}},"10":{"start":{"line":69,"column":0},"end":{"line":91,"column":2}}},"fnMap":{"0":{"name":"Month","decl":{"start":{"line":7,"column":9},"end":{"line":7,"column":14}},"loc":{"start":{"line":7,"column":22},"end":{"line":67,"column":1}},"line":7},"1":{"name":"(anonymous_1)","decl":{"start":{"line":32,"column":24},"end":{"line":32,"column":25}},"loc":{"start":{"line":33,"column":12},"end":{"line":47,"column":17}},"line":33},"2":{"name":"(anonymous_2)","decl":{"start":{"line":34,"column":24},"end":{"line":34,"column":25}},"loc":{"start":{"line":34,"column":33},"end":{"line":46,"column":15}},"line":34}},"branchMap":{"0":{"loc":{"start":{"line":37,"column":16},"end":{"line":39,"column":17}},"type":"if","locations":[{"start":{"line":37,"column":16},"end":{"line":39,"column":17}},{"start":{"line":37,"column":16},"end":{"line":39,"column":17}}],"line":37},"1":{"loc":{"start":{"line":37,"column":20},"end":{"line":37,"column":115}},"type":"binary-expr","locations":[{"start":{"line":37,"column":20},"end":{"line":37,"column":55}},{"start":{"line":37,"column":59},"end":{"line":37,"column":84}},{"start":{"line":37,"column":88},"end":{"line":37,"column":115}}],"line":37},"2":{"loc":{"start":{"line":42,"column":16},"end":{"line":44,"column":17}},"type":"if","locations":[{"start":{"line":42,"column":16},"end":{"line":44,"column":17}},{"start":{"line":42,"column":16},"end":{"line":44,"column":17}}],"line":42},"3":{"loc":{"start":{"line":42,"column":20},"end":{"line":42,"column":118}},"type":"binary-expr","locations":[{"start":{"line":42,"column":20},"end":{"line":42,"column":56}},{"start":{"line":42,"column":60},"end":{"line":42,"column":86}},{"start":{"line":42,"column":90},"end":{"line":42,"column":118}}],"line":42}},"s":{"0":2,"1":2,"2":2,"3":6,"4":6,"5":2,"6":6,"7":6,"8":0,"9":6,"10":1},"f":{"0":2,"1":2,"2":6},"b":{"0":[2,4],"1":[6,2,2],"2":[0,6],"3":[6,0,0]},"_coverageSchema":"43e27e138ebf9cfc5966b082cf9a028302ed4184","hash":"2b2924a51b2e7894f771c6cc9857d0cc720db6e4"}
,"/Users/jianyeung/HackReactor/reservations/client/Components/ReservationCosts.jsx": {"path":"/Users/jianyeung/HackReactor/reservations/client/Components/ReservationCosts.jsx","statementMap":{"0":{"start":{"line":10,"column":6},"end":{"line":10,"column":11}},"1":{"start":{"line":12,"column":15},"end":{"line":12,"column":16}},"2":{"start":{"line":14,"column":2},"end":{"line":20,"column":3}},"3":{"start":{"line":15,"column":20},"end":{"line":15,"column":82}},"4":{"start":{"line":16,"column":21},"end":{"line":16,"column":86}},"5":{"start":{"line":17,"column":23},"end":{"line":17,"column":61}},"6":{"start":{"line":18,"column":17},"end":{"line":18,"column":48}},"7":{"start":{"line":19,"column":4},"end":{"line":19,"column":18}},"8":{"start":{"line":22,"column":2},"end":{"line":49,"column":4}},"9":{"start":{"line":52,"column":0},"end":{"line":67,"column":2}}},"fnMap":{"0":{"name":"ReservationCosts","decl":{"start":{"line":7,"column":9},"end":{"line":7,"column":25}},"loc":{"start":{"line":7,"column":33},"end":{"line":50,"column":1}},"line":7}},"branchMap":{"0":{"loc":{"start":{"line":14,"column":2},"end":{"line":20,"column":3}},"type":"if","locations":[{"start":{"line":14,"column":2},"end":{"line":20,"column":3}},{"start":{"line":14,"column":2},"end":{"line":20,"column":3}}],"line":14},"1":{"loc":{"start":{"line":14,"column":6},"end":{"line":14,"column":61}},"type":"binary-expr","locations":[{"start":{"line":14,"column":6},"end":{"line":14,"column":31}},{"start":{"line":14,"column":35},"end":{"line":14,"column":61}}],"line":14}},"s":{"0":1,"1":1,"2":1,"3":1,"4":1,"5":1,"6":1,"7":1,"8":1,"9":1},"f":{"0":1},"b":{"0":[1,0],"1":[1,1]},"_coverageSchema":"43e27e138ebf9cfc5966b082cf9a028302ed4184","hash":"c5a3ee9ef4b857fa1da2667cb354eb3bb613f3a0"}
}
