{"/Users/jianyeung/HackReactor/reservations/client/Components/BasicCalendar.jsx": {"path":"/Users/jianyeung/HackReactor/reservations/client/Components/BasicCalendar.jsx","statementMap":{"0":{"start":{"line":10,"column":4},"end":{"line":10,"column":17}},"1":{"start":{"line":12,"column":4},"end":{"line":16,"column":6}},"2":{"start":{"line":18,"column":4},"end":{"line":18,"column":68}},"3":{"start":{"line":22,"column":4},"end":{"line":97,"column":9}},"4":{"start":{"line":33,"column":25},"end":{"line":33,"column":32}},"5":{"start":{"line":34,"column":29},"end":{"line":34,"column":31}},"6":{"start":{"line":35,"column":8},"end":{"line":37,"column":9}},"7":{"start":{"line":35,"column":21},"end":{"line":35,"column":22}},"8":{"start":{"line":36,"column":10},"end":{"line":36,"column":41}},"9":{"start":{"line":38,"column":25},"end":{"line":38,"column":68}},"10":{"start":{"line":40,"column":25},"end":{"line":40,"column":35}},"11":{"start":{"line":41,"column":8},"end":{"line":50,"column":9}},"12":{"start":{"line":42,"column":21},"end":{"line":42,"column":25}},"13":{"start":{"line":43,"column":10},"end":{"line":49,"column":11}},"14":{"start":{"line":43,"column":23},"end":{"line":43,"column":24}},"15":{"start":{"line":44,"column":12},"end":{"line":48,"column":13}},"16":{"start":{"line":44,"column":25},"end":{"line":44,"column":26}},"17":{"start":{"line":45,"column":27},"end":{"line":45,"column":47}},"18":{"start":{"line":46,"column":14},"end":{"line":46,"column":42}},"19":{"start":{"line":47,"column":14},"end":{"line":47,"column":26}},"20":{"start":{"line":52,"column":8},"end":{"line":93,"column":9}},"21":{"start":{"line":54,"column":28},"end":{"line":54,"column":54}},"22":{"start":{"line":55,"column":27},"end":{"line":55,"column":60}},"23":{"start":{"line":57,"column":10},"end":{"line":86,"column":15}},"24":{"start":{"line":68,"column":41},"end":{"line":68,"column":75}},"25":{"start":{"line":70,"column":14},"end":{"line":76,"column":15}},"26":{"start":{"line":71,"column":16},"end":{"line":75,"column":17}},"27":{"start":{"line":71,"column":29},"end":{"line":71,"column":30}},"28":{"start":{"line":72,"column":18},"end":{"line":74,"column":19}},"29":{"start":{"line":73,"column":20},"end":{"line":73,"column":49}},"30":{"start":{"line":78,"column":14},"end":{"line":82,"column":17}},"31":{"start":{"line":88,"column":10},"end":{"line":92,"column":13}},"32":{"start":{"line":104,"column":24},"end":{"line":104,"column":109}},"33":{"start":{"line":105,"column":23},"end":{"line":105,"column":56}},"34":{"start":{"line":106,"column":21},"end":{"line":106,"column":23}},"35":{"start":{"line":108,"column":15},"end":{"line":108,"column":17}},"36":{"start":{"line":109,"column":4},"end":{"line":111,"column":5}},"37":{"start":{"line":109,"column":17},"end":{"line":109,"column":18}},"38":{"start":{"line":110,"column":6},"end":{"line":110,"column":46}},"39":{"start":{"line":113,"column":4},"end":{"line":127,"column":5}},"40":{"start":{"line":113,"column":17},"end":{"line":113,"column":18}},"41":{"start":{"line":114,"column":6},"end":{"line":117,"column":7}},"42":{"start":{"line":115,"column":8},"end":{"line":115,"column":28}},"43":{"start":{"line":116,"column":8},"end":{"line":116,"column":18}},"44":{"start":{"line":120,"column":20},"end":{"line":120,"column":51}},"45":{"start":{"line":122,"column":6},"end":{"line":124,"column":7}},"46":{"start":{"line":123,"column":8},"end":{"line":123,"column":24}},"47":{"start":{"line":126,"column":6},"end":{"line":126,"column":52}},"48":{"start":{"line":129,"column":4},"end":{"line":131,"column":5}},"49":{"start":{"line":130,"column":6},"end":{"line":130,"column":46}},"50":{"start":{"line":133,"column":4},"end":{"line":133,"column":24}},"51":{"start":{"line":135,"column":4},"end":{"line":135,"column":20}},"52":{"start":{"line":139,"column":27},"end":{"line":139,"column":37}},"53":{"start":{"line":140,"column":4},"end":{"line":140,"column":50}},"54":{"start":{"line":145,"column":28},"end":{"line":145,"column":38}},"55":{"start":{"line":146,"column":20},"end":{"line":146,"column":29}},"56":{"start":{"line":147,"column":19},"end":{"line":147,"column":23}},"57":{"start":{"line":149,"column":4},"end":{"line":152,"column":5}},"58":{"start":{"line":150,"column":6},"end":{"line":150,"column":20}},"59":{"start":{"line":151,"column":6},"end":{"line":151,"column":20}},"60":{"start":{"line":154,"column":4},"end":{"line":154,"column":45}},"61":{"start":{"line":159,"column":28},"end":{"line":159,"column":38}},"62":{"start":{"line":160,"column":20},"end":{"line":160,"column":29}},"63":{"start":{"line":161,"column":19},"end":{"line":161,"column":23}},"64":{"start":{"line":163,"column":4},"end":{"line":166,"column":5}},"65":{"start":{"line":164,"column":6},"end":{"line":164,"column":21}},"66":{"start":{"line":165,"column":6},"end":{"line":165,"column":20}},"67":{"start":{"line":168,"column":4},"end":{"line":168,"column":45}},"68":{"start":{"line":173,"column":24},"end":{"line":173,"column":34}},"69":{"start":{"line":174,"column":24},"end":{"line":174,"column":49}},"70":{"start":{"line":175,"column":25},"end":{"line":175,"column":47}},"71":{"start":{"line":176,"column":23},"end":{"line":176,"column":44}},"72":{"start":{"line":178,"column":4},"end":{"line":180,"column":5}},"73":{"start":{"line":179,"column":6},"end":{"line":179,"column":19}},"74":{"start":{"line":182,"column":4},"end":{"line":184,"column":5}},"75":{"start":{"line":183,"column":6},"end":{"line":183,"column":19}},"76":{"start":{"line":186,"column":4},"end":{"line":188,"column":5}},"77":{"start":{"line":187,"column":6},"end":{"line":187,"column":19}},"78":{"start":{"line":190,"column":4},"end":{"line":190,"column":16}},"79":{"start":{"line":194,"column":38},"end":{"line":194,"column":48}},"80":{"start":{"line":196,"column":17},"end":{"line":196,"column":51}},"81":{"start":{"line":197,"column":20},"end":{"line":197,"column":37}},"82":{"start":{"line":198,"column":22},"end":{"line":198,"column":76}},"83":{"start":{"line":199,"column":4},"end":{"line":206,"column":6}},"84":{"start":{"line":210,"column":0},"end":{"line":215,"column":2}}},"fnMap":{"0":{"name":"(anonymous_0)","decl":{"start":{"line":9,"column":2},"end":{"line":9,"column":3}},"loc":{"start":{"line":9,"column":21},"end":{"line":19,"column":3}},"line":9},"1":{"name":"(anonymous_1)","decl":{"start":{"line":21,"column":2},"end":{"line":21,"column":3}},"loc":{"start":{"line":21,"column":43},"end":{"line":98,"column":3}},"line":21},"2":{"name":"(anonymous_2)","decl":{"start":{"line":32,"column":12},"end":{"line":32,"column":13}},"loc":{"start":{"line":32,"column":25},"end":{"line":94,"column":7}},"line":32},"3":{"name":"(anonymous_3)","decl":{"start":{"line":67,"column":18},"end":{"line":67,"column":19}},"loc":{"start":{"line":67,"column":36},"end":{"line":83,"column":13}},"line":67},"4":{"name":"(anonymous_4)","decl":{"start":{"line":84,"column":19},"end":{"line":84,"column":20}},"loc":{"start":{"line":84,"column":25},"end":{"line":86,"column":13}},"line":84},"5":{"name":"(anonymous_5)","decl":{"start":{"line":95,"column":13},"end":{"line":95,"column":14}},"loc":{"start":{"line":95,"column":19},"end":{"line":97,"column":7}},"line":95},"6":{"name":"(anonymous_6)","decl":{"start":{"line":101,"column":2},"end":{"line":101,"column":3}},"loc":{"start":{"line":101,"column":41},"end":{"line":136,"column":3}},"line":101},"7":{"name":"(anonymous_7)","decl":{"start":{"line":138,"column":2},"end":{"line":138,"column":3}},"loc":{"start":{"line":138,"column":30},"end":{"line":141,"column":3}},"line":138},"8":{"name":"(anonymous_8)","decl":{"start":{"line":144,"column":2},"end":{"line":144,"column":3}},"loc":{"start":{"line":144,"column":14},"end":{"line":155,"column":3}},"line":144},"9":{"name":"(anonymous_9)","decl":{"start":{"line":158,"column":2},"end":{"line":158,"column":3}},"loc":{"start":{"line":158,"column":14},"end":{"line":169,"column":3}},"line":158},"10":{"name":"(anonymous_10)","decl":{"start":{"line":172,"column":2},"end":{"line":172,"column":3}},"loc":{"start":{"line":172,"column":31},"end":{"line":191,"column":3}},"line":172},"11":{"name":"(anonymous_11)","decl":{"start":{"line":193,"column":2},"end":{"line":193,"column":3}},"loc":{"start":{"line":193,"column":11},"end":{"line":207,"column":3}},"line":193}},"branchMap":{"0":{"loc":{"start":{"line":41,"column":8},"end":{"line":50,"column":9}},"type":"if","locations":[{"start":{"line":41,"column":8},"end":{"line":50,"column":9}},{"start":{"line":41,"column":8},"end":{"line":50,"column":9}}],"line":41},"1":{"loc":{"start":{"line":52,"column":8},"end":{"line":93,"column":9}},"type":"if","locations":[{"start":{"line":52,"column":8},"end":{"line":93,"column":9}},{"start":{"line":52,"column":8},"end":{"line":93,"column":9}}],"line":52},"2":{"loc":{"start":{"line":54,"column":28},"end":{"line":54,"column":54}},"type":"cond-expr","locations":[{"start":{"line":54,"column":44},"end":{"line":54,"column":46}},{"start":{"line":54,"column":49},"end":{"line":54,"column":54}}],"line":54},"3":{"loc":{"start":{"line":55,"column":27},"end":{"line":55,"column":60}},"type":"cond-expr","locations":[{"start":{"line":55,"column":44},"end":{"line":55,"column":52}},{"start":{"line":55,"column":56},"end":{"line":55,"column":60}}],"line":55},"4":{"loc":{"start":{"line":70,"column":14},"end":{"line":76,"column":15}},"type":"if","locations":[{"start":{"line":70,"column":14},"end":{"line":76,"column":15}},{"start":{"line":70,"column":14},"end":{"line":76,"column":15}}],"line":70},"5":{"loc":{"start":{"line":70,"column":18},"end":{"line":70,"column":120}},"type":"binary-expr","locations":[{"start":{"line":70,"column":18},"end":{"line":70,"column":42}},{"start":{"line":70,"column":46},"end":{"line":70,"column":120}}],"line":70},"6":{"loc":{"start":{"line":72,"column":18},"end":{"line":74,"column":19}},"type":"if","locations":[{"start":{"line":72,"column":18},"end":{"line":74,"column":19}},{"start":{"line":72,"column":18},"end":{"line":74,"column":19}}],"line":72},"7":{"loc":{"start":{"line":104,"column":33},"end":{"line":104,"column":64}},"type":"cond-expr","locations":[{"start":{"line":104,"column":49},"end":{"line":104,"column":57}},{"start":{"line":104,"column":60},"end":{"line":104,"column":64}}],"line":104},"8":{"loc":{"start":{"line":104,"column":66},"end":{"line":104,"column":95}},"type":"cond-expr","locations":[{"start":{"line":104,"column":82},"end":{"line":104,"column":83}},{"start":{"line":104,"column":86},"end":{"line":104,"column":95}}],"line":104},"9":{"loc":{"start":{"line":114,"column":6},"end":{"line":117,"column":7}},"type":"if","locations":[{"start":{"line":114,"column":6},"end":{"line":117,"column":7}},{"start":{"line":114,"column":6},"end":{"line":117,"column":7}}],"line":114},"10":{"loc":{"start":{"line":122,"column":6},"end":{"line":124,"column":7}},"type":"if","locations":[{"start":{"line":122,"column":6},"end":{"line":124,"column":7}},{"start":{"line":122,"column":6},"end":{"line":124,"column":7}}],"line":122},"11":{"loc":{"start":{"line":149,"column":4},"end":{"line":152,"column":5}},"type":"if","locations":[{"start":{"line":149,"column":4},"end":{"line":152,"column":5}},{"start":{"line":149,"column":4},"end":{"line":152,"column":5}}],"line":149},"12":{"loc":{"start":{"line":163,"column":4},"end":{"line":166,"column":5}},"type":"if","locations":[{"start":{"line":163,"column":4},"end":{"line":166,"column":5}},{"start":{"line":163,"column":4},"end":{"line":166,"column":5}}],"line":163},"13":{"loc":{"start":{"line":178,"column":4},"end":{"line":180,"column":5}},"type":"if","locations":[{"start":{"line":178,"column":4},"end":{"line":180,"column":5}},{"start":{"line":178,"column":4},"end":{"line":180,"column":5}}],"line":178},"14":{"loc":{"start":{"line":182,"column":4},"end":{"line":184,"column":5}},"type":"if","locations":[{"start":{"line":182,"column":4},"end":{"line":184,"column":5}},{"start":{"line":182,"column":4},"end":{"line":184,"column":5}}],"line":182},"15":{"loc":{"start":{"line":182,"column":8},"end":{"line":182,"column":51}},"type":"binary-expr","locations":[{"start":{"line":182,"column":8},"end":{"line":182,"column":27}},{"start":{"line":182,"column":31},"end":{"line":182,"column":51}}],"line":182},"16":{"loc":{"start":{"line":186,"column":4},"end":{"line":188,"column":5}},"type":"if","locations":[{"start":{"line":186,"column":4},"end":{"line":188,"column":5}},{"start":{"line":186,"column":4},"end":{"line":188,"column":5}}],"line":186},"17":{"loc":{"start":{"line":186,"column":8},"end":{"line":186,"column":72}},"type":"binary-expr","locations":[{"start":{"line":186,"column":8},"end":{"line":186,"column":27}},{"start":{"line":186,"column":31},"end":{"line":186,"column":52}},{"start":{"line":186,"column":56},"end":{"line":186,"column":72}}],"line":186}},"s":{"0":3,"1":3,"2":3,"3":3,"4":0,"5":0,"6":0,"7":0,"8":0,"9":0,"10":0,"11":0,"12":0,"13":0,"14":0,"15":0,"16":0,"17":0,"18":0,"19":0,"20":0,"21":0,"22":0,"23":0,"24":0,"25":0,"26":0,"27":0,"28":0,"29":0,"30":0,"31":0,"32":3,"33":3,"34":3,"35":3,"36":3,"37":3,"38":13,"39":3,"40":3,"41":93,"42":13,"43":13,"44":93,"45":93,"46":0,"47":93,"48":3,"49":6,"50":3,"51":3,"52":0,"53":0,"54":0,"55":0,"56":0,"57":0,"58":0,"59":0,"60":0,"61":0,"62":0,"63":0,"64":0,"65":0,"66":0,"67":0,"68":93,"69":93,"70":93,"71":93,"72":93,"73":31,"74":62,"75":0,"76":62,"77":22,"78":40,"79":3,"80":3,"81":3,"82":3,"83":3,"84":1},"f":{"0":3,"1":3,"2":0,"3":0,"4":0,"5":0,"6":3,"7":0,"8":0,"9":0,"10":93,"11":3},"b":{"0":[0,0],"1":[0,0],"2":[0,0],"3":[0,0],"4":[0,0],"5":[0,0],"6":[0,0],"7":[0,3],"8":[0,3],"9":[13,80],"10":[0,93],"11":[0,0],"12":[0,0],"13":[31,62],"14":[0,62],"15":[62,31],"16":[22,40],"17":[62,31,31]},"_coverageSchema":"43e27e138ebf9cfc5966b082cf9a028302ed4184","hash":"4e22c3fd37ac773ef906da7d42532aff59bb47aa"}
,"/Users/jianyeung/HackReactor/reservations/client/Components/Day.jsx": {"path":"/Users/jianyeung/HackReactor/reservations/client/Components/Day.jsx","statementMap":{"0":{"start":{"line":6,"column":4},"end":{"line":6,"column":17}},"1":{"start":{"line":7,"column":4},"end":{"line":11,"column":6}},"2":{"start":{"line":15,"column":18},"end":{"line":15,"column":20}},"3":{"start":{"line":17,"column":30},"end":{"line":17,"column":40}},"4":{"start":{"line":18,"column":4},"end":{"line":24,"column":5}},"5":{"start":{"line":19,"column":6},"end":{"line":19,"column":44}},"6":{"start":{"line":20,"column":6},"end":{"line":20,"column":32}},"7":{"start":{"line":22,"column":6},"end":{"line":22,"column":36}},"8":{"start":{"line":23,"column":6},"end":{"line":23,"column":28}},"9":{"start":{"line":26,"column":4},"end":{"line":30,"column":5}},"10":{"start":{"line":27,"column":6},"end":{"line":27,"column":28}},"11":{"start":{"line":29,"column":6},"end":{"line":29,"column":38}},"12":{"start":{"line":32,"column":4},"end":{"line":36,"column":7}},"13":{"start":{"line":41,"column":18},"end":{"line":41,"column":20}},"14":{"start":{"line":43,"column":30},"end":{"line":43,"column":40}},"15":{"start":{"line":44,"column":4},"end":{"line":50,"column":5}},"16":{"start":{"line":45,"column":6},"end":{"line":45,"column":44}},"17":{"start":{"line":46,"column":6},"end":{"line":46,"column":32}},"18":{"start":{"line":48,"column":6},"end":{"line":48,"column":36}},"19":{"start":{"line":49,"column":6},"end":{"line":49,"column":28}},"20":{"start":{"line":52,"column":4},"end":{"line":56,"column":5}},"21":{"start":{"line":53,"column":6},"end":{"line":53,"column":28}},"22":{"start":{"line":55,"column":6},"end":{"line":55,"column":38}},"23":{"start":{"line":58,"column":4},"end":{"line":60,"column":5}},"24":{"start":{"line":59,"column":6},"end":{"line":59,"column":45}},"25":{"start":{"line":64,"column":4},"end":{"line":68,"column":7}},"26":{"start":{"line":72,"column":37},"end":{"line":72,"column":47}},"27":{"start":{"line":74,"column":4},"end":{"line":76,"column":6}},"28":{"start":{"line":80,"column":0},"end":{"line":90,"column":2}},"29":{"start":{"line":92,"column":0},"end":{"line":100,"column":2}}},"fnMap":{"0":{"name":"(anonymous_0)","decl":{"start":{"line":5,"column":2},"end":{"line":5,"column":3}},"loc":{"start":{"line":5,"column":21},"end":{"line":12,"column":3}},"line":5},"1":{"name":"(anonymous_1)","decl":{"start":{"line":14,"column":2},"end":{"line":14,"column":3}},"loc":{"start":{"line":14,"column":22},"end":{"line":37,"column":3}},"line":14},"2":{"name":"(anonymous_2)","decl":{"start":{"line":40,"column":2},"end":{"line":40,"column":3}},"loc":{"start":{"line":40,"column":32},"end":{"line":61,"column":3}},"line":40},"3":{"name":"(anonymous_3)","decl":{"start":{"line":63,"column":2},"end":{"line":63,"column":3}},"loc":{"start":{"line":63,"column":36},"end":{"line":69,"column":3}},"line":63},"4":{"name":"(anonymous_4)","decl":{"start":{"line":71,"column":2},"end":{"line":71,"column":3}},"loc":{"start":{"line":71,"column":11},"end":{"line":77,"column":3}},"line":71}},"branchMap":{"0":{"loc":{"start":{"line":18,"column":4},"end":{"line":24,"column":5}},"type":"if","locations":[{"start":{"line":18,"column":4},"end":{"line":24,"column":5}},{"start":{"line":18,"column":4},"end":{"line":24,"column":5}}],"line":18},"1":{"loc":{"start":{"line":26,"column":4},"end":{"line":30,"column":5}},"type":"if","locations":[{"start":{"line":26,"column":4},"end":{"line":30,"column":5}},{"start":{"line":26,"column":4},"end":{"line":30,"column":5}}],"line":26},"2":{"loc":{"start":{"line":44,"column":4},"end":{"line":50,"column":5}},"type":"if","locations":[{"start":{"line":44,"column":4},"end":{"line":50,"column":5}},{"start":{"line":44,"column":4},"end":{"line":50,"column":5}}],"line":44},"3":{"loc":{"start":{"line":52,"column":4},"end":{"line":56,"column":5}},"type":"if","locations":[{"start":{"line":52,"column":4},"end":{"line":56,"column":5}},{"start":{"line":52,"column":4},"end":{"line":56,"column":5}}],"line":52},"4":{"loc":{"start":{"line":58,"column":4},"end":{"line":60,"column":5}},"type":"if","locations":[{"start":{"line":58,"column":4},"end":{"line":60,"column":5}},{"start":{"line":58,"column":4},"end":{"line":60,"column":5}}],"line":58},"5":{"loc":{"start":{"line":58,"column":8},"end":{"line":58,"column":64}},"type":"binary-expr","locations":[{"start":{"line":58,"column":8},"end":{"line":58,"column":35}},{"start":{"line":58,"column":39},"end":{"line":58,"column":64}}],"line":58},"6":{"loc":{"start":{"line":75,"column":35},"end":{"line":75,"column":59}},"type":"cond-expr","locations":[{"start":{"line":75,"column":43},"end":{"line":75,"column":54}},{"start":{"line":75,"column":57},"end":{"line":75,"column":59}}],"line":75},"7":{"loc":{"start":{"line":75,"column":62},"end":{"line":75,"column":74}},"type":"binary-expr","locations":[{"start":{"line":75,"column":62},"end":{"line":75,"column":68}},{"start":{"line":75,"column":72},"end":{"line":75,"column":74}}],"line":75}},"s":{"0":1,"1":1,"2":1,"3":1,"4":1,"5":0,"6":0,"7":1,"8":1,"9":1,"10":0,"11":1,"12":1,"13":1,"14":1,"15":1,"16":0,"17":0,"18":1,"19":1,"20":1,"21":0,"22":1,"23":1,"24":0,"25":0,"26":2,"27":2,"28":1,"29":1},"f":{"0":1,"1":1,"2":1,"3":0,"4":2},"b":{"0":[0,1],"1":[0,1],"2":[0,1],"3":[0,1],"4":[0,1],"5":[1,1],"6":[2,0],"7":[2,0]},"_coverageSchema":"43e27e138ebf9cfc5966b082cf9a028302ed4184","hash":"5f5a3471f5ad7725399dc38f6f74a9271833db95"}
,"/Users/jianyeung/HackReactor/reservations/client/Components/Month.jsx": {"path":"/Users/jianyeung/HackReactor/reservations/client/Components/Month.jsx","statementMap":{"0":{"start":{"line":6,"column":23},"end":{"line":6,"column":28}},"1":{"start":{"line":7,"column":2},"end":{"line":30,"column":4}},"2":{"start":{"line":21,"column":10},"end":{"line":26,"column":15}},"3":{"start":{"line":24,"column":14},"end":{"line":24,"column":70}},"4":{"start":{"line":33,"column":0},"end":{"line":35,"column":2}}},"fnMap":{"0":{"name":"Month","decl":{"start":{"line":5,"column":9},"end":{"line":5,"column":14}},"loc":{"start":{"line":5,"column":22},"end":{"line":31,"column":1}},"line":5},"1":{"name":"(anonymous_1)","decl":{"start":{"line":20,"column":22},"end":{"line":20,"column":23}},"loc":{"start":{"line":21,"column":10},"end":{"line":26,"column":15}},"line":21},"2":{"name":"(anonymous_2)","decl":{"start":{"line":22,"column":22},"end":{"line":22,"column":23}},"loc":{"start":{"line":24,"column":14},"end":{"line":24,"column":70}},"line":24}},"branchMap":{},"s":{"0":1,"1":1,"2":1,"3":1,"4":1},"f":{"0":1,"1":1,"2":1},"b":{},"_coverageSchema":"43e27e138ebf9cfc5966b082cf9a028302ed4184","hash":"8b01f87880b0244f3aa99e81d9b912414a9ddd1a"}
}
