TN:
SF:/Users/jianyeung/HackReactor/reservations/client/Components/BasicCalendar.jsx
FN:11,(anonymous_0)
FN:33,(anonymous_1)
FN:52,(anonymous_2)
FN:64,(anonymous_3)
FN:107,(anonymous_4)
FN:133,(anonymous_5)
FN:177,(anonymous_6)
FN:215,(anonymous_7)
FN:221,(anonymous_8)
FN:256,(anonymous_9)
FN:280,(anonymous_10)
FN:295,(anonymous_11)
FN:300,(anonymous_12)
FN:309,(anonymous_13)
FN:315,(anonymous_14)
FN:328,(anonymous_15)
FN:342,(anonymous_16)
FN:363,(anonymous_17)
FNF:18
FNH:11
FNDA:7,(anonymous_0)
FNDA:10,(anonymous_1)
FNDA:10,(anonymous_2)
FNDA:10,(anonymous_3)
FNDA:1,(anonymous_4)
FNDA:0,(anonymous_5)
FNDA:0,(anonymous_6)
FNDA:0,(anonymous_7)
FNDA:17,(anonymous_8)
FNDA:0,(anonymous_9)
FNDA:0,(anonymous_10)
FNDA:0,(anonymous_11)
FNDA:0,(anonymous_12)
FNDA:3,(anonymous_13)
FNDA:1,(anonymous_14)
FNDA:2,(anonymous_15)
FNDA:527,(anonymous_16)
FNDA:17,(anonymous_17)
DA:12,7
DA:14,7
DA:15,7
DA:16,217
DA:19,7
DA:25,7
DA:26,7
DA:27,7
DA:28,7
DA:29,7
DA:30,7
DA:36,10
DA:39,10
DA:41,10
DA:44,0
DA:48,0
DA:54,10
DA:66,10
DA:67,10
DA:68,10
DA:69,0
DA:71,10
DA:72,10
DA:73,10
DA:74,10
DA:75,1
DA:76,1
DA:77,7
DA:78,4
DA:83,1
DA:84,5
DA:85,35
DA:86,31
DA:87,31
DA:88,31
DA:94,1
DA:95,1
DA:97,1
DA:109,1
DA:110,1
DA:111,0
DA:112,0
DA:113,0
DA:119,1
DA:120,1
DA:121,0
DA:122,0
DA:123,0
DA:126,0
DA:132,0
DA:134,0
DA:135,0
DA:136,0
DA:137,0
DA:138,0
DA:141,0
DA:148,0
DA:149,0
DA:150,0
DA:151,0
DA:154,0
DA:156,0
DA:157,0
DA:163,0
DA:170,1
DA:178,0
DA:181,9
DA:183,9
DA:184,1
DA:185,5
DA:186,35
DA:192,0
DA:194,35
DA:199,9
DA:207,10
DA:208,52
DA:209,364
DA:210,97
DA:216,0
DA:224,17
DA:225,17
DA:226,17
DA:228,17
DA:229,17
DA:230,48
DA:234,17
DA:235,527
DA:236,71
DA:237,71
DA:240,527
DA:241,527
DA:242,217
DA:244,527
DA:247,17
DA:248,41
DA:251,17
DA:252,17
DA:257,0
DA:258,0
DA:259,0
DA:260,0
DA:262,0
DA:263,0
DA:264,0
DA:265,0
DA:266,0
DA:268,0
DA:274,0
DA:281,0
DA:282,0
DA:284,0
DA:296,0
DA:301,0
DA:302,0
DA:303,0
DA:304,0
DA:305,0
DA:310,3
DA:311,3
DA:316,1
DA:317,1
DA:318,1
DA:320,1
DA:321,1
DA:322,1
DA:324,1
DA:329,2
DA:330,2
DA:331,2
DA:333,2
DA:334,1
DA:335,1
DA:338,2
DA:343,527
DA:344,527
DA:345,527
DA:346,527
DA:348,527
DA:349,310
DA:352,217
DA:353,0
DA:356,217
DA:357,54
DA:360,163
DA:364,17
DA:367,17
DA:369,17
DA:370,17
DA:371,17
DA:372,17
DA:392,1
LF:151
LH:102
BRDA:41,0,0,0
BRDA:41,0,1,10
BRDA:41,1,0,10
BRDA:41,1,1,10
BRDA:41,1,2,10
BRDA:41,1,3,10
BRDA:74,2,0,1
BRDA:74,2,1,9
BRDA:77,3,0,4
BRDA:77,3,1,3
BRDA:77,4,0,7
BRDA:77,4,1,7
BRDA:85,5,0,31
BRDA:85,5,1,4
BRDA:94,6,0,0
BRDA:94,6,1,1
BRDA:95,7,0,0
BRDA:95,7,1,1
BRDA:110,8,0,0
BRDA:110,8,1,1
BRDA:110,9,0,1
BRDA:110,9,1,0
BRDA:112,10,0,0
BRDA:112,10,1,0
BRDA:120,11,0,0
BRDA:120,11,1,1
BRDA:123,12,0,0
BRDA:123,12,1,0
BRDA:123,13,0,0
BRDA:123,13,1,0
BRDA:123,13,2,0
BRDA:123,13,3,0
BRDA:123,13,4,0
BRDA:123,13,5,0
BRDA:134,14,0,0
BRDA:134,14,1,0
BRDA:138,15,0,0
BRDA:138,15,1,0
BRDA:138,16,0,0
BRDA:138,16,1,0
BRDA:138,16,2,0
BRDA:138,16,3,0
BRDA:138,16,4,0
BRDA:138,16,5,0
BRDA:148,17,0,0
BRDA:148,17,1,0
BRDA:151,18,0,0
BRDA:151,18,1,0
BRDA:151,19,0,0
BRDA:151,19,1,0
BRDA:151,19,2,0
BRDA:151,19,3,0
BRDA:151,19,4,0
BRDA:151,19,5,0
BRDA:151,19,6,0
BRDA:183,20,0,1
BRDA:183,20,1,8
BRDA:183,21,0,9
BRDA:183,21,1,1
BRDA:186,22,0,0
BRDA:186,22,1,35
BRDA:186,23,0,35
BRDA:186,23,1,0
BRDA:186,23,2,0
BRDA:186,23,3,0
BRDA:186,23,4,0
BRDA:186,23,5,0
BRDA:186,23,6,0
BRDA:186,23,7,0
BRDA:186,23,8,0
BRDA:186,23,9,0
BRDA:186,23,10,0
BRDA:186,23,11,0
BRDA:186,23,12,0
BRDA:209,24,0,97
BRDA:209,24,1,267
BRDA:224,25,0,0
BRDA:224,25,1,17
BRDA:224,26,0,0
BRDA:224,26,1,17
BRDA:235,27,0,71
BRDA:235,27,1,456
BRDA:241,28,0,217
BRDA:241,28,1,310
BRDA:262,29,0,0
BRDA:262,29,1,0
BRDA:262,30,0,0
BRDA:262,30,1,0
BRDA:262,30,2,0
BRDA:265,31,0,0
BRDA:265,31,1,0
BRDA:265,32,0,0
BRDA:265,32,1,0
BRDA:304,33,0,0
BRDA:304,33,1,0
BRDA:320,34,0,1
BRDA:320,34,1,0
BRDA:333,35,0,1
BRDA:333,35,1,1
BRDA:348,36,0,310
BRDA:348,36,1,217
BRDA:352,37,0,0
BRDA:352,37,1,217
BRDA:352,38,0,217
BRDA:352,38,1,124
BRDA:356,39,0,54
BRDA:356,39,1,163
BRDA:356,40,0,217
BRDA:356,40,1,124
BRDA:356,40,2,62
BRDA:374,41,0,17
BRDA:374,41,1,0
BRDA:376,42,0,15
BRDA:376,42,1,2
BRF:114
BRH:48
end_of_record
TN:
SF:/Users/jianyeung/HackReactor/reservations/client/Components/Day.jsx
FN:7,(anonymous_0)
FN:16,(anonymous_1)
FN:30,(anonymous_2)
FN:59,(anonymous_3)
FN:91,(anonymous_4)
FN:99,(anonymous_5)
FN:112,(anonymous_6)
FN:113,(anonymous_7)
FNF:8
FNH:6
FNDA:4,(anonymous_0)
FNDA:4,(anonymous_1)
FNDA:8,(anonymous_2)
FNDA:12,(anonymous_3)
FNDA:4,(anonymous_4)
FNDA:12,(anonymous_5)
FNDA:0,(anonymous_6)
FNDA:0,(anonymous_7)
DA:8,4
DA:9,4
DA:17,4
DA:20,4
DA:22,4
DA:31,8
DA:34,8
DA:37,8
DA:38,2
DA:40,6
DA:43,8
DA:44,0
DA:45,8
DA:46,0
DA:47,0
DA:49,0
DA:50,0
DA:54,8
DA:55,4
DA:60,12
DA:64,12
DA:66,12
DA:67,3
DA:68,3
DA:70,9
DA:71,9
DA:74,12
DA:75,12
DA:76,12
DA:77,12
DA:80,12
DA:81,6
DA:82,6
DA:84,6
DA:85,6
DA:88,12
DA:92,4
DA:100,12
DA:101,12
DA:103,12
DA:123,1
DA:142,1
LF:42
LH:37
BRDA:37,0,0,2
BRDA:37,0,1,6
BRDA:43,1,0,0
BRDA:43,1,1,8
BRDA:45,2,0,0
BRDA:45,2,1,8
BRDA:49,3,0,0
BRDA:49,3,1,0
BRDA:54,4,0,4
BRDA:54,4,1,4
BRDA:54,5,0,8
BRDA:54,5,1,4
BRDA:54,5,2,4
BRDA:54,5,3,4
BRDA:54,5,4,4
BRDA:66,6,0,3
BRDA:66,6,1,9
BRDA:74,7,0,12
BRDA:74,7,1,0
BRDA:74,8,0,12
BRDA:74,8,1,9
BRDA:80,9,0,6
BRDA:80,9,1,6
BRDA:104,10,0,9
BRDA:104,10,1,3
BRDA:112,11,0,9
BRDA:112,11,1,3
BRDA:113,12,0,9
BRDA:113,12,1,3
BRDA:116,13,0,12
BRDA:116,13,1,6
BRF:31
BRH:26
end_of_record
TN:
SF:/Users/jianyeung/HackReactor/reservations/client/Components/GuestButton.jsx
FN:6,(anonymous_0)
FN:13,(anonymous_1)
FN:24,(anonymous_2)
FNF:3
FNH:3
FNDA:3,(anonymous_0)
FNDA:3,(anonymous_1)
FNDA:1,(anonymous_2)
DA:7,3
DA:8,3
DA:14,3
DA:15,3
DA:24,1
DA:45,1
LF:6
LH:6
BRDA:17,0,0,2
BRDA:17,0,1,1
BRDA:17,1,0,2
BRDA:17,1,1,1
BRDA:24,2,0,1
BRDA:24,2,1,0
BRDA:36,3,0,2
BRDA:36,3,1,1
BRF:8
BRH:7
end_of_record
TN:
SF:/Users/jianyeung/HackReactor/reservations/client/Components/GuestDropdown.jsx
FN:8,(anonymous_0)
FN:21,(anonymous_1)
FN:28,(anonymous_2)
FN:40,(anonymous_3)
FN:71,(anonymous_4)
FNF:5
FNH:5
FNDA:4,(anonymous_0)
FNDA:4,(anonymous_1)
FNDA:6,(anonymous_2)
FNDA:2,(anonymous_3)
FNDA:10,(anonymous_4)
DA:9,4
DA:11,4
DA:18,4
DA:22,4
DA:23,4
DA:29,6
DA:30,6
DA:32,6
DA:34,0
DA:41,2
DA:44,2
DA:46,2
DA:48,1
DA:49,1
DA:50,1
DA:52,1
DA:53,1
DA:54,1
DA:56,0
DA:57,0
DA:59,0
DA:61,2
DA:63,2
DA:74,10
DA:76,10
DA:78,10
DA:148,1
LF:27
LH:23
BRDA:32,0,0,0
BRDA:32,0,1,6
BRDA:46,1,0,1
BRDA:46,1,1,1
BRDA:46,1,2,0
BRDA:46,1,3,0
BRDA:89,2,0,1
BRDA:89,2,1,9
BRDA:89,3,0,10
BRDA:89,3,1,10
BRDA:91,4,0,10
BRDA:91,4,1,0
BRDA:98,5,0,8
BRDA:98,5,1,2
BRDA:98,6,0,10
BRDA:98,6,1,10
BRDA:100,7,0,10
BRDA:100,7,1,0
BRDA:107,8,0,2
BRDA:107,8,1,8
BRDA:109,9,0,10
BRDA:109,9,1,0
BRF:22
BRH:16
end_of_record
TN:
SF:/Users/jianyeung/HackReactor/reservations/client/Components/Month.jsx
FN:7,Month
FN:32,(anonymous_1)
FN:34,(anonymous_2)
FNF:3
FNH:3
FNDA:2,Month
FNDA:2,(anonymous_1)
FNDA:6,(anonymous_2)
DA:10,2
DA:11,2
DA:33,2
DA:36,6
DA:37,6
DA:38,2
DA:41,6
DA:42,6
DA:43,0
DA:45,6
DA:69,1
LF:11
LH:10
BRDA:37,0,0,2
BRDA:37,0,1,4
BRDA:37,1,0,6
BRDA:37,1,1,2
BRDA:37,1,2,2
BRDA:42,2,0,0
BRDA:42,2,1,6
BRDA:42,3,0,6
BRDA:42,3,1,0
BRDA:42,3,2,0
BRF:10
BRH:7
end_of_record
TN:
SF:/Users/jianyeung/HackReactor/reservations/client/Components/ReservationCosts.jsx
FN:7,ReservationCosts
FNF:1
FNH:1
FNDA:1,ReservationCosts
DA:10,1
DA:12,1
DA:14,1
DA:15,1
DA:16,1
DA:17,1
DA:18,1
DA:19,1
DA:22,1
DA:52,1
LF:10
LH:10
BRDA:14,0,0,1
BRDA:14,0,1,0
BRDA:14,1,0,1
BRDA:14,1,1,1
BRF:4
BRH:3
end_of_record
