TN:
SF:/Users/jianyeung/HackReactor/reservations/client/Components/BasicCalendar.jsx
FN:11,(anonymous_0)
FN:33,(anonymous_1)
FN:53,(anonymous_2)
FN:65,(anonymous_3)
FN:108,(anonymous_4)
FN:134,(anonymous_5)
FN:178,(anonymous_6)
FN:216,(anonymous_7)
FN:222,(anonymous_8)
FN:257,(anonymous_9)
FN:281,(anonymous_10)
FN:296,(anonymous_11)
FN:301,(anonymous_12)
FN:310,(anonymous_13)
FN:316,(anonymous_14)
FN:329,(anonymous_15)
FN:343,(anonymous_16)
FN:364,(anonymous_17)
FNF:18
FNH:11
FNDA:7,(anonymous_0)
FNDA:10,(anonymous_1)
FNDA:10,(anonymous_2)
FNDA:10,(anonymous_3)
FNDA:1,(anonymous_4)
FNDA:0,(anonymous_5)
FNDA:0,(anonymous_6)
FNDA:0,(anonymous_7)
FNDA:17,(anonymous_8)
FNDA:0,(anonymous_9)
FNDA:0,(anonymous_10)
FNDA:0,(anonymous_11)
FNDA:0,(anonymous_12)
FNDA:3,(anonymous_13)
FNDA:1,(anonymous_14)
FNDA:2,(anonymous_15)
FNDA:527,(anonymous_16)
FNDA:17,(anonymous_17)
DA:12,7
DA:14,7
DA:15,7
DA:16,217
DA:19,7
DA:25,7
DA:26,7
DA:27,7
DA:28,7
DA:29,7
DA:30,7
DA:36,10
DA:39,10
DA:41,10
DA:45,0
DA:49,0
DA:55,10
DA:67,10
DA:68,10
DA:69,10
DA:70,0
DA:72,10
DA:73,10
DA:74,10
DA:75,10
DA:76,1
DA:77,1
DA:78,7
DA:79,4
DA:84,1
DA:85,5
DA:86,35
DA:87,31
DA:88,31
DA:89,31
DA:95,1
DA:96,1
DA:98,1
DA:110,1
DA:111,1
DA:112,0
DA:113,0
DA:114,0
DA:120,1
DA:121,1
DA:122,0
DA:123,0
DA:124,0
DA:127,0
DA:133,0
DA:135,0
DA:136,0
DA:137,0
DA:138,0
DA:139,0
DA:142,0
DA:149,0
DA:150,0
DA:151,0
DA:152,0
DA:155,0
DA:157,0
DA:158,0
DA:164,0
DA:171,1
DA:179,0
DA:182,9
DA:184,9
DA:185,1
DA:186,5
DA:187,35
DA:193,0
DA:195,35
DA:200,9
DA:208,10
DA:209,52
DA:210,364
DA:211,97
DA:217,0
DA:225,17
DA:226,17
DA:227,17
DA:229,17
DA:230,17
DA:231,48
DA:235,17
DA:236,527
DA:237,71
DA:238,71
DA:241,527
DA:242,527
DA:243,217
DA:245,527
DA:248,17
DA:249,41
DA:252,17
DA:253,17
DA:258,0
DA:259,0
DA:260,0
DA:261,0
DA:263,0
DA:264,0
DA:265,0
DA:266,0
DA:267,0
DA:269,0
DA:275,0
DA:282,0
DA:283,0
DA:285,0
DA:297,0
DA:302,0
DA:303,0
DA:304,0
DA:305,0
DA:306,0
DA:311,3
DA:312,3
DA:317,1
DA:318,1
DA:319,1
DA:321,1
DA:322,1
DA:323,1
DA:325,1
DA:330,2
DA:331,2
DA:332,2
DA:334,2
DA:335,1
DA:336,1
DA:339,2
DA:344,527
DA:345,527
DA:346,527
DA:347,527
DA:349,527
DA:350,310
DA:353,217
DA:354,0
DA:357,217
DA:358,54
DA:361,163
DA:365,17
DA:368,17
DA:370,17
DA:371,17
DA:372,17
DA:373,17
DA:393,1
LF:151
LH:102
BRDA:41,0,0,0
BRDA:41,0,1,10
BRDA:41,1,0,10
BRDA:41,1,1,10
BRDA:41,1,2,10
BRDA:41,1,3,10
BRDA:41,1,4,10
BRDA:75,2,0,1
BRDA:75,2,1,9
BRDA:78,3,0,4
BRDA:78,3,1,3
BRDA:78,4,0,7
BRDA:78,4,1,7
BRDA:86,5,0,31
BRDA:86,5,1,4
BRDA:95,6,0,0
BRDA:95,6,1,1
BRDA:96,7,0,0
BRDA:96,7,1,1
BRDA:111,8,0,0
BRDA:111,8,1,1
BRDA:111,9,0,1
BRDA:111,9,1,0
BRDA:113,10,0,0
BRDA:113,10,1,0
BRDA:121,11,0,0
BRDA:121,11,1,1
BRDA:124,12,0,0
BRDA:124,12,1,0
BRDA:124,13,0,0
BRDA:124,13,1,0
BRDA:124,13,2,0
BRDA:124,13,3,0
BRDA:124,13,4,0
BRDA:124,13,5,0
BRDA:135,14,0,0
BRDA:135,14,1,0
BRDA:139,15,0,0
BRDA:139,15,1,0
BRDA:139,16,0,0
BRDA:139,16,1,0
BRDA:139,16,2,0
BRDA:139,16,3,0
BRDA:139,16,4,0
BRDA:139,16,5,0
BRDA:149,17,0,0
BRDA:149,17,1,0
BRDA:152,18,0,0
BRDA:152,18,1,0
BRDA:152,19,0,0
BRDA:152,19,1,0
BRDA:152,19,2,0
BRDA:152,19,3,0
BRDA:152,19,4,0
BRDA:152,19,5,0
BRDA:152,19,6,0
BRDA:184,20,0,1
BRDA:184,20,1,8
BRDA:184,21,0,9
BRDA:184,21,1,1
BRDA:187,22,0,0
BRDA:187,22,1,35
BRDA:187,23,0,35
BRDA:187,23,1,0
BRDA:187,23,2,0
BRDA:187,23,3,0
BRDA:187,23,4,0
BRDA:187,23,5,0
BRDA:187,23,6,0
BRDA:187,23,7,0
BRDA:187,23,8,0
BRDA:187,23,9,0
BRDA:187,23,10,0
BRDA:187,23,11,0
BRDA:187,23,12,0
BRDA:210,24,0,97
BRDA:210,24,1,267
BRDA:225,25,0,0
BRDA:225,25,1,17
BRDA:225,26,0,0
BRDA:225,26,1,17
BRDA:236,27,0,71
BRDA:236,27,1,456
BRDA:242,28,0,217
BRDA:242,28,1,310
BRDA:263,29,0,0
BRDA:263,29,1,0
BRDA:263,30,0,0
BRDA:263,30,1,0
BRDA:263,30,2,0
BRDA:266,31,0,0
BRDA:266,31,1,0
BRDA:266,32,0,0
BRDA:266,32,1,0
BRDA:305,33,0,0
BRDA:305,33,1,0
BRDA:321,34,0,1
BRDA:321,34,1,0
BRDA:334,35,0,1
BRDA:334,35,1,1
BRDA:349,36,0,310
BRDA:349,36,1,217
BRDA:353,37,0,0
BRDA:353,37,1,217
BRDA:353,38,0,217
BRDA:353,38,1,124
BRDA:357,39,0,54
BRDA:357,39,1,163
BRDA:357,40,0,217
BRDA:357,40,1,124
BRDA:357,40,2,62
BRDA:375,41,0,17
BRDA:375,41,1,0
BRDA:377,42,0,15
BRDA:377,42,1,2
BRF:115
BRH:49
end_of_record
TN:
SF:/Users/jianyeung/HackReactor/reservations/client/Components/Day.jsx
FN:7,(anonymous_0)
FN:16,(anonymous_1)
FN:30,(anonymous_2)
FN:59,(anonymous_3)
FN:91,(anonymous_4)
FN:99,(anonymous_5)
FN:112,(anonymous_6)
FN:113,(anonymous_7)
FNF:8
FNH:6
FNDA:4,(anonymous_0)
FNDA:4,(anonymous_1)
FNDA:8,(anonymous_2)
FNDA:12,(anonymous_3)
FNDA:4,(anonymous_4)
FNDA:12,(anonymous_5)
FNDA:0,(anonymous_6)
FNDA:0,(anonymous_7)
DA:8,4
DA:9,4
DA:17,4
DA:20,4
DA:22,4
DA:31,8
DA:34,8
DA:37,8
DA:38,2
DA:40,6
DA:43,8
DA:44,0
DA:45,8
DA:46,0
DA:47,0
DA:49,0
DA:50,0
DA:54,8
DA:55,4
DA:60,12
DA:64,12
DA:66,12
DA:67,3
DA:68,3
DA:70,9
DA:71,9
DA:74,12
DA:75,12
DA:76,12
DA:77,12
DA:80,12
DA:81,6
DA:82,6
DA:84,6
DA:85,6
DA:88,12
DA:92,4
DA:100,12
DA:101,12
DA:103,12
DA:123,1
DA:142,1
LF:42
LH:37
BRDA:37,0,0,2
BRDA:37,0,1,6
BRDA:43,1,0,0
BRDA:43,1,1,8
BRDA:45,2,0,0
BRDA:45,2,1,8
BRDA:49,3,0,0
BRDA:49,3,1,0
BRDA:54,4,0,4
BRDA:54,4,1,4
BRDA:54,5,0,8
BRDA:54,5,1,4
BRDA:54,5,2,4
BRDA:54,5,3,4
BRDA:54,5,4,4
BRDA:66,6,0,3
BRDA:66,6,1,9
BRDA:74,7,0,12
BRDA:74,7,1,0
BRDA:74,8,0,12
BRDA:74,8,1,9
BRDA:80,9,0,6
BRDA:80,9,1,6
BRDA:104,10,0,9
BRDA:104,10,1,3
BRDA:112,11,0,9
BRDA:112,11,1,3
BRDA:113,12,0,9
BRDA:113,12,1,3
BRDA:116,13,0,12
BRDA:116,13,1,6
BRF:31
BRH:26
end_of_record
TN:
SF:/Users/jianyeung/HackReactor/reservations/client/Components/GuestButton.jsx
FN:6,(anonymous_0)
FN:13,(anonymous_1)
FN:24,(anonymous_2)
FNF:3
FNH:3
FNDA:3,(anonymous_0)
FNDA:3,(anonymous_1)
FNDA:1,(anonymous_2)
DA:7,3
DA:8,3
DA:14,3
DA:15,3
DA:24,1
DA:45,1
LF:6
LH:6
BRDA:17,0,0,2
BRDA:17,0,1,1
BRDA:17,1,0,2
BRDA:17,1,1,1
BRDA:24,2,0,1
BRDA:24,2,1,0
BRDA:36,3,0,2
BRDA:36,3,1,1
BRF:8
BRH:7
end_of_record
TN:
SF:/Users/jianyeung/HackReactor/reservations/client/Components/GuestDropdown.jsx
FN:8,(anonymous_0)
FN:21,(anonymous_1)
FN:28,(anonymous_2)
FN:40,(anonymous_3)
FN:71,(anonymous_4)
FNF:5
FNH:5
FNDA:4,(anonymous_0)
FNDA:4,(anonymous_1)
FNDA:6,(anonymous_2)
FNDA:2,(anonymous_3)
FNDA:10,(anonymous_4)
DA:9,4
DA:11,4
DA:18,4
DA:22,4
DA:23,4
DA:29,6
DA:30,6
DA:32,6
DA:34,0
DA:41,2
DA:44,2
DA:46,2
DA:48,1
DA:49,1
DA:50,1
DA:52,1
DA:53,1
DA:54,1
DA:56,0
DA:57,0
DA:59,0
DA:61,2
DA:63,2
DA:74,10
DA:76,10
DA:78,10
DA:148,1
LF:27
LH:23
BRDA:32,0,0,0
BRDA:32,0,1,6
BRDA:46,1,0,1
BRDA:46,1,1,1
BRDA:46,1,2,0
BRDA:46,1,3,0
BRDA:89,2,0,1
BRDA:89,2,1,9
BRDA:89,3,0,10
BRDA:89,3,1,10
BRDA:91,4,0,10
BRDA:91,4,1,0
BRDA:98,5,0,8
BRDA:98,5,1,2
BRDA:98,6,0,10
BRDA:98,6,1,10
BRDA:100,7,0,10
BRDA:100,7,1,0
BRDA:107,8,0,2
BRDA:107,8,1,8
BRDA:109,9,0,10
BRDA:109,9,1,0
BRF:22
BRH:16
end_of_record
TN:
SF:/Users/jianyeung/HackReactor/reservations/client/Components/Month.jsx
FN:7,Month
FN:32,(anonymous_1)
FN:34,(anonymous_2)
FNF:3
FNH:3
FNDA:2,Month
FNDA:2,(anonymous_1)
FNDA:6,(anonymous_2)
DA:10,2
DA:11,2
DA:33,2
DA:36,6
DA:37,6
DA:38,2
DA:41,6
DA:42,6
DA:43,0
DA:45,6
DA:69,1
LF:11
LH:10
BRDA:37,0,0,2
BRDA:37,0,1,4
BRDA:37,1,0,6
BRDA:37,1,1,2
BRDA:37,1,2,2
BRDA:42,2,0,0
BRDA:42,2,1,6
BRDA:42,3,0,6
BRDA:42,3,1,0
BRDA:42,3,2,0
BRF:10
BRH:7
end_of_record
TN:
SF:/Users/jianyeung/HackReactor/reservations/client/Components/ReservationCosts.jsx
FN:7,ReservationCosts
FNF:1
FNH:1
FNDA:1,ReservationCosts
DA:10,1
DA:12,1
DA:14,1
DA:15,1
DA:16,1
DA:17,1
DA:18,1
DA:19,1
DA:22,1
DA:52,1
LF:10
LH:10
BRDA:14,0,0,1
BRDA:14,0,1,0
BRDA:14,1,0,1
BRDA:14,1,1,1
BRF:4
BRH:3
end_of_record
